<?xml version="1.0" encoding="UTF-8"?>
<testsuite xmlns:xsi="http://www.w3.org/2001/XMLSchema-instance" xsi:noNamespaceSchemaLocation="https://maven.apache.org/surefire/maven-surefire-plugin/xsd/surefire-test-report-3.0.xsd" version="3.0" name="org.springframework.samples.petclinic.PostgresIntegrationTests" time="43.3" tests="2" errors="0" skipped="0" failures="0">
  <properties>
    <property name="git.tags" value=""/>
    <property name="java.specification.version" value="17"/>
    <property name="sun.jnu.encoding" value="UTF-8"/>
    <property name="git.build.version" value="3.2.0-SNAPSHOT"/>
    <property name="java.class.path" value="/Users/mattiasardellini/Library/CloudStorage/OneDrive-DGSSpA/Documenti/Progetti/spring-petclinic/target/test-classes:/Users/mattiasardellini/Library/CloudStorage/OneDrive-DGSSpA/Documenti/Progetti/spring-petclinic/target/classes:/Users/mattiasardellini/.m2/repository/org/springframework/boot/spring-boot-starter-actuator/3.2.1/spring-boot-starter-actuator-3.2.1.jar:/Users/mattiasardellini/.m2/repository/org/springframework/boot/spring-boot-starter/3.2.1/spring-boot-starter-3.2.1.jar:/Users/mattiasardellini/.m2/repository/org/springframework/boot/spring-boot-starter-logging/3.2.1/spring-boot-starter-logging-3.2.1.jar:/Users/mattiasardellini/.m2/repository/ch/qos/logback/logback-classic/1.4.14/logback-classic-1.4.14.jar:/Users/mattiasardellini/.m2/repository/ch/qos/logback/logback-core/1.4.14/logback-core-1.4.14.jar:/Users/mattiasardellini/.m2/repository/org/apache/logging/log4j/log4j-to-slf4j/2.21.1/log4j-to-slf4j-2.21.1.jar:/Users/mattiasardellini/.m2/repository/org/apache/logging/log4j/log4j-api/2.21.1/log4j-api-2.21.1.jar:/Users/mattiasardellini/.m2/repository/org/slf4j/jul-to-slf4j/2.0.9/jul-to-slf4j-2.0.9.jar:/Users/mattiasardellini/.m2/repository/jakarta/annotation/jakarta.annotation-api/2.1.1/jakarta.annotation-api-2.1.1.jar:/Users/mattiasardellini/.m2/repository/org/yaml/snakeyaml/2.2/snakeyaml-2.2.jar:/Users/mattiasardellini/.m2/repository/org/springframework/boot/spring-boot-actuator-autoconfigure/3.2.1/spring-boot-actuator-autoconfigure-3.2.1.jar:/Users/mattiasardellini/.m2/repository/org/springframework/boot/spring-boot-actuator/3.2.1/spring-boot-actuator-3.2.1.jar:/Users/mattiasardellini/.m2/repository/com/fasterxml/jackson/datatype/jackson-datatype-jsr310/2.15.3/jackson-datatype-jsr310-2.15.3.jar:/Users/mattiasardellini/.m2/repository/io/micrometer/micrometer-observation/1.12.1/micrometer-observation-1.12.1.jar:/Users/mattiasardellini/.m2/repository/io/micrometer/micrometer-commons/1.12.1/micrometer-commons-1.12.1.jar:/Users/mattiasardellini/.m2/repository/io/micrometer/micrometer-jakarta9/1.12.1/micrometer-jakarta9-1.12.1.jar:/Users/mattiasardellini/.m2/repository/io/micrometer/micrometer-core/1.12.1/micrometer-core-1.12.1.jar:/Users/mattiasardellini/.m2/repository/org/hdrhistogram/HdrHistogram/2.1.12/HdrHistogram-2.1.12.jar:/Users/mattiasardellini/.m2/repository/org/latencyutils/LatencyUtils/2.0.3/LatencyUtils-2.0.3.jar:/Users/mattiasardellini/.m2/repository/org/springframework/boot/spring-boot-starter-cache/3.2.1/spring-boot-starter-cache-3.2.1.jar:/Users/mattiasardellini/.m2/repository/org/springframework/spring-context-support/6.1.2/spring-context-support-6.1.2.jar:/Users/mattiasardellini/.m2/repository/org/springframework/spring-beans/6.1.2/spring-beans-6.1.2.jar:/Users/mattiasardellini/.m2/repository/org/springframework/spring-context/6.1.2/spring-context-6.1.2.jar:/Users/mattiasardellini/.m2/repository/org/springframework/boot/spring-boot-starter-data-jpa/3.2.1/spring-boot-starter-data-jpa-3.2.1.jar:/Users/mattiasardellini/.m2/repository/org/springframework/boot/spring-boot-starter-aop/3.2.1/spring-boot-starter-aop-3.2.1.jar:/Users/mattiasardellini/.m2/repository/org/springframework/spring-aop/6.1.2/spring-aop-6.1.2.jar:/Users/mattiasardellini/.m2/repository/org/aspectj/aspectjweaver/1.9.21/aspectjweaver-1.9.21.jar:/Users/mattiasardellini/.m2/repository/org/springframework/boot/spring-boot-starter-jdbc/3.2.1/spring-boot-starter-jdbc-3.2.1.jar:/Users/mattiasardellini/.m2/repository/com/zaxxer/HikariCP/5.0.1/HikariCP-5.0.1.jar:/Users/mattiasardellini/.m2/repository/org/springframework/spring-jdbc/6.1.2/spring-jdbc-6.1.2.jar:/Users/mattiasardellini/.m2/repository/org/hibernate/orm/hibernate-core/6.4.1.Final/hibernate-core-6.4.1.Final.jar:/Users/mattiasardellini/.m2/repository/jakarta/persistence/jakarta.persistence-api/3.1.0/jakarta.persistence-api-3.1.0.jar:/Users/mattiasardellini/.m2/repository/jakarta/transaction/jakarta.transaction-api/2.0.1/jakarta.transaction-api-2.0.1.jar:/Users/mattiasardellini/.m2/repository/org/jboss/logging/jboss-logging/3.5.3.Final/jboss-logging-3.5.3.Final.jar:/Users/mattiasardellini/.m2/repository/org/hibernate/common/hibernate-commons-annotations/6.0.6.Final/hibernate-commons-annotations-6.0.6.Final.jar:/Users/mattiasardellini/.m2/repository/io/smallrye/jandex/3.1.2/jandex-3.1.2.jar:/Users/mattiasardellini/.m2/repository/com/fasterxml/classmate/1.6.0/classmate-1.6.0.jar:/Users/mattiasardellini/.m2/repository/net/bytebuddy/byte-buddy/1.14.10/byte-buddy-1.14.10.jar:/Users/mattiasardellini/.m2/repository/org/glassfish/jaxb/jaxb-runtime/4.0.4/jaxb-runtime-4.0.4.jar:/Users/mattiasardellini/.m2/repository/org/glassfish/jaxb/jaxb-core/4.0.4/jaxb-core-4.0.4.jar:/Users/mattiasardellini/.m2/repository/org/eclipse/angus/angus-activation/2.0.1/angus-activation-2.0.1.jar:/Users/mattiasardellini/.m2/repository/org/glassfish/jaxb/txw2/4.0.4/txw2-4.0.4.jar:/Users/mattiasardellini/.m2/repository/com/sun/istack/istack-commons-runtime/4.1.2/istack-commons-runtime-4.1.2.jar:/Users/mattiasardellini/.m2/repository/jakarta/inject/jakarta.inject-api/2.0.1/jakarta.inject-api-2.0.1.jar:/Users/mattiasardellini/.m2/repository/org/antlr/antlr4-runtime/4.13.0/antlr4-runtime-4.13.0.jar:/Users/mattiasardellini/.m2/repository/org/springframework/data/spring-data-jpa/3.2.1/spring-data-jpa-3.2.1.jar:/Users/mattiasardellini/.m2/repository/org/springframework/data/spring-data-commons/3.2.1/spring-data-commons-3.2.1.jar:/Users/mattiasardellini/.m2/repository/org/springframework/spring-orm/6.1.2/spring-orm-6.1.2.jar:/Users/mattiasardellini/.m2/repository/org/springframework/spring-tx/6.1.2/spring-tx-6.1.2.jar:/Users/mattiasardellini/.m2/repository/org/slf4j/slf4j-api/2.0.9/slf4j-api-2.0.9.jar:/Users/mattiasardellini/.m2/repository/org/springframework/spring-aspects/6.1.2/spring-aspects-6.1.2.jar:/Users/mattiasardellini/.m2/repository/org/springframework/boot/spring-boot-starter-web/3.2.1/spring-boot-starter-web-3.2.1.jar:/Users/mattiasardellini/.m2/repository/org/springframework/boot/spring-boot-starter-json/3.2.1/spring-boot-starter-json-3.2.1.jar:/Users/mattiasardellini/.m2/repository/com/fasterxml/jackson/datatype/jackson-datatype-jdk8/2.15.3/jackson-datatype-jdk8-2.15.3.jar:/Users/mattiasardellini/.m2/repository/org/springframework/boot/spring-boot-starter-tomcat/3.2.1/spring-boot-starter-tomcat-3.2.1.jar:/Users/mattiasardellini/.m2/repository/org/apache/tomcat/embed/tomcat-embed-core/10.1.17/tomcat-embed-core-10.1.17.jar:/Users/mattiasardellini/.m2/repository/org/apache/tomcat/embed/tomcat-embed-websocket/10.1.17/tomcat-embed-websocket-10.1.17.jar:/Users/mattiasardellini/.m2/repository/org/springframework/spring-web/6.1.2/spring-web-6.1.2.jar:/Users/mattiasardellini/.m2/repository/org/springframework/spring-webmvc/6.1.2/spring-webmvc-6.1.2.jar:/Users/mattiasardellini/.m2/repository/org/springframework/spring-expression/6.1.2/spring-expression-6.1.2.jar:/Users/mattiasardellini/.m2/repository/org/springframework/boot/spring-boot-starter-validation/3.2.1/spring-boot-starter-validation-3.2.1.jar:/Users/mattiasardellini/.m2/repository/org/apache/tomcat/embed/tomcat-embed-el/10.1.17/tomcat-embed-el-10.1.17.jar:/Users/mattiasardellini/.m2/repository/org/hibernate/validator/hibernate-validator/8.0.1.Final/hibernate-validator-8.0.1.Final.jar:/Users/mattiasardellini/.m2/repository/jakarta/validation/jakarta.validation-api/3.0.2/jakarta.validation-api-3.0.2.jar:/Users/mattiasardellini/.m2/repository/org/springframework/boot/spring-boot-starter-thymeleaf/3.2.1/spring-boot-starter-thymeleaf-3.2.1.jar:/Users/mattiasardellini/.m2/repository/org/thymeleaf/thymeleaf-spring6/3.1.2.RELEASE/thymeleaf-spring6-3.1.2.RELEASE.jar:/Users/mattiasardellini/.m2/repository/org/thymeleaf/thymeleaf/3.1.2.RELEASE/thymeleaf-3.1.2.RELEASE.jar:/Users/mattiasardellini/.m2/repository/org/attoparser/attoparser/2.0.7.RELEASE/attoparser-2.0.7.RELEASE.jar:/Users/mattiasardellini/.m2/repository/org/unbescape/unbescape/1.1.6.RELEASE/unbescape-1.1.6.RELEASE.jar:/Users/mattiasardellini/.m2/repository/org/springframework/boot/spring-boot-starter-test/3.2.1/spring-boot-starter-test-3.2.1.jar:/Users/mattiasardellini/.m2/repository/org/springframework/boot/spring-boot-test/3.2.1/spring-boot-test-3.2.1.jar:/Users/mattiasardellini/.m2/repository/org/springframework/boot/spring-boot-test-autoconfigure/3.2.1/spring-boot-test-autoconfigure-3.2.1.jar:/Users/mattiasardellini/.m2/repository/com/jayway/jsonpath/json-path/2.8.0/json-path-2.8.0.jar:/Users/mattiasardellini/.m2/repository/net/minidev/json-smart/2.5.0/json-smart-2.5.0.jar:/Users/mattiasardellini/.m2/repository/net/minidev/accessors-smart/2.5.0/accessors-smart-2.5.0.jar:/Users/mattiasardellini/.m2/repository/org/ow2/asm/asm/9.3/asm-9.3.jar:/Users/mattiasardellini/.m2/repository/org/assertj/assertj-core/3.24.2/assertj-core-3.24.2.jar:/Users/mattiasardellini/.m2/repository/org/awaitility/awaitility/4.2.0/awaitility-4.2.0.jar:/Users/mattiasardellini/.m2/repository/org/hamcrest/hamcrest/2.2/hamcrest-2.2.jar:/Users/mattiasardellini/.m2/repository/org/junit/jupiter/junit-jupiter/5.10.1/junit-jupiter-5.10.1.jar:/Users/mattiasardellini/.m2/repository/org/junit/jupiter/junit-jupiter-api/5.10.1/junit-jupiter-api-5.10.1.jar:/Users/mattiasardellini/.m2/repository/org/opentest4j/opentest4j/1.3.0/opentest4j-1.3.0.jar:/Users/mattiasardellini/.m2/repository/org/junit/platform/junit-platform-commons/1.10.1/junit-platform-commons-1.10.1.jar:/Users/mattiasardellini/.m2/repository/org/apiguardian/apiguardian-api/1.1.2/apiguardian-api-1.1.2.jar:/Users/mattiasardellini/.m2/repository/org/junit/jupiter/junit-jupiter-params/5.10.1/junit-jupiter-params-5.10.1.jar:/Users/mattiasardellini/.m2/repository/org/junit/jupiter/junit-jupiter-engine/5.10.1/junit-jupiter-engine-5.10.1.jar:/Users/mattiasardellini/.m2/repository/org/junit/platform/junit-platform-engine/1.10.1/junit-platform-engine-1.10.1.jar:/Users/mattiasardellini/.m2/repository/org/mockito/mockito-core/5.7.0/mockito-core-5.7.0.jar:/Users/mattiasardellini/.m2/repository/net/bytebuddy/byte-buddy-agent/1.14.10/byte-buddy-agent-1.14.10.jar:/Users/mattiasardellini/.m2/repository/org/objenesis/objenesis/3.3/objenesis-3.3.jar:/Users/mattiasardellini/.m2/repository/org/mockito/mockito-junit-jupiter/5.7.0/mockito-junit-jupiter-5.7.0.jar:/Users/mattiasardellini/.m2/repository/org/skyscreamer/jsonassert/1.5.1/jsonassert-1.5.1.jar:/Users/mattiasardellini/.m2/repository/com/vaadin/external/google/android-json/0.0.20131108.vaadin1/android-json-0.0.20131108.vaadin1.jar:/Users/mattiasardellini/.m2/repository/org/springframework/spring-core/6.1.2/spring-core-6.1.2.jar:/Users/mattiasardellini/.m2/repository/org/springframework/spring-jcl/6.1.2/spring-jcl-6.1.2.jar:/Users/mattiasardellini/.m2/repository/org/springframework/spring-test/6.1.2/spring-test-6.1.2.jar:/Users/mattiasardellini/.m2/repository/org/xmlunit/xmlunit-core/2.9.1/xmlunit-core-2.9.1.jar:/Users/mattiasardellini/.m2/repository/com/h2database/h2/2.2.224/h2-2.2.224.jar:/Users/mattiasardellini/.m2/repository/com/mysql/mysql-connector-j/8.1.0/mysql-connector-j-8.1.0.jar:/Users/mattiasardellini/.m2/repository/org/postgresql/postgresql/42.6.0/postgresql-42.6.0.jar:/Users/mattiasardellini/.m2/repository/org/checkerframework/checker-qual/3.31.0/checker-qual-3.31.0.jar:/Users/mattiasardellini/.m2/repository/javax/cache/cache-api/1.1.1/cache-api-1.1.1.jar:/Users/mattiasardellini/.m2/repository/com/github/ben-manes/caffeine/caffeine/3.1.8/caffeine-3.1.8.jar:/Users/mattiasardellini/.m2/repository/com/google/errorprone/error_prone_annotations/2.21.1/error_prone_annotations-2.21.1.jar:/Users/mattiasardellini/.m2/repository/org/webjars/npm/bootstrap/5.3.2/bootstrap-5.3.2.jar:/Users/mattiasardellini/.m2/repository/org/webjars/npm/font-awesome/4.7.0/font-awesome-4.7.0.jar:/Users/mattiasardellini/.m2/repository/org/springframework/boot/spring-boot-devtools/3.2.1/spring-boot-devtools-3.2.1.jar:/Users/mattiasardellini/.m2/repository/org/springframework/boot/spring-boot/3.2.1/spring-boot-3.2.1.jar:/Users/mattiasardellini/.m2/repository/org/springframework/boot/spring-boot-autoconfigure/3.2.1/spring-boot-autoconfigure-3.2.1.jar:/Users/mattiasardellini/.m2/repository/org/springframework/boot/spring-boot-testcontainers/3.2.1/spring-boot-testcontainers-3.2.1.jar:/Users/mattiasardellini/.m2/repository/org/testcontainers/testcontainers/1.19.3/testcontainers-1.19.3.jar:/Users/mattiasardellini/.m2/repository/junit/junit/4.13.2/junit-4.13.2.jar:/Users/mattiasardellini/.m2/repository/org/hamcrest/hamcrest-core/2.2/hamcrest-core-2.2.jar:/Users/mattiasardellini/.m2/repository/org/apache/commons/commons-compress/1.24.0/commons-compress-1.24.0.jar:/Users/mattiasardellini/.m2/repository/org/rnorth/duct-tape/duct-tape/1.0.8/duct-tape-1.0.8.jar:/Users/mattiasardellini/.m2/repository/org/jetbrains/annotations/17.0.0/annotations-17.0.0.jar:/Users/mattiasardellini/.m2/repository/com/github/docker-java/docker-java-api/3.3.4/docker-java-api-3.3.4.jar:/Users/mattiasardellini/.m2/repository/com/github/docker-java/docker-java-transport-zerodep/3.3.4/docker-java-transport-zerodep-3.3.4.jar:/Users/mattiasardellini/.m2/repository/com/github/docker-java/docker-java-transport/3.3.4/docker-java-transport-3.3.4.jar:/Users/mattiasardellini/.m2/repository/net/java/dev/jna/jna/5.13.0/jna-5.13.0.jar:/Users/mattiasardellini/.m2/repository/org/springframework/boot/spring-boot-docker-compose/3.2.1/spring-boot-docker-compose-3.2.1.jar:/Users/mattiasardellini/.m2/repository/com/fasterxml/jackson/core/jackson-databind/2.15.3/jackson-databind-2.15.3.jar:/Users/mattiasardellini/.m2/repository/com/fasterxml/jackson/core/jackson-annotations/2.15.3/jackson-annotations-2.15.3.jar:/Users/mattiasardellini/.m2/repository/com/fasterxml/jackson/core/jackson-core/2.15.3/jackson-core-2.15.3.jar:/Users/mattiasardellini/.m2/repository/com/fasterxml/jackson/module/jackson-module-parameter-names/2.15.3/jackson-module-parameter-names-2.15.3.jar:/Users/mattiasardellini/.m2/repository/org/testcontainers/junit-jupiter/1.19.3/junit-jupiter-1.19.3.jar:/Users/mattiasardellini/.m2/repository/org/testcontainers/mysql/1.19.3/mysql-1.19.3.jar:/Users/mattiasardellini/.m2/repository/org/testcontainers/jdbc/1.19.3/jdbc-1.19.3.jar:/Users/mattiasardellini/.m2/repository/org/testcontainers/database-commons/1.19.3/database-commons-1.19.3.jar:/Users/mattiasardellini/.m2/repository/jakarta/xml/bind/jakarta.xml.bind-api/4.0.1/jakarta.xml.bind-api-4.0.1.jar:/Users/mattiasardellini/.m2/repository/jakarta/activation/jakarta.activation-api/2.1.2/jakarta.activation-api-2.1.2.jar:"/>
    <property name="git.branch" value="main"/>
    <property name="git.build.host" value="MacBook-Pro-di-Mattia.local"/>
    <property name="java.vm.vendor" value="Oracle Corporation"/>
    <property name="sun.arch.data.model" value="64"/>
    <property name="git.commit.id" value="cdd925d664e678f6d1a2f768ff02e374a5e55fef"/>
    <property name="java.vendor.url" value="https://java.oracle.com/"/>
    <property name="catalina.useNaming" value="false"/>
    <property name="user.timezone" value="Europe/Rome"/>
    <property name="org.jboss.logging.provider" value="slf4j"/>
    <property name="java.vm.specification.version" value="17"/>
    <property name="os.name" value="Mac OS X"/>
    <property name="git.commit.author.time" value="2024-01-11T14:18:33+0100"/>
    <property name="sun.java.launcher" value="SUN_STANDARD"/>
    <property name="user.country" value="IT"/>
    <property name="git.build.user.name" value="mattia"/>
    <property name="sun.boot.library.path" value="/Library/Java/JavaVirtualMachines/jdk-17.jdk/Contents/Home/lib"/>
    <property name="sun.java.command" value="/Users/mattiasardellini/Library/CloudStorage/OneDrive-DGSSpA/Documenti/Progetti/spring-petclinic/target/surefire/surefirebooter-20240118115225551_3.jar /Users/mattiasardellini/Library/CloudStorage/OneDrive-DGSSpA/Documenti/Progetti/spring-petclinic/target/surefire 2024-01-18T11-52-21_175-jvmRun1 surefire-20240118115225551_1tmp surefire_0-20240118115225551_2tmp"/>
    <property name="http.nonProxyHosts" value="local|*.local|169.254/16|*.169.254/16"/>
    <property name="jdk.debug" value="release"/>
    <property name="surefire.test.class.path" value="/Users/mattiasardellini/Library/CloudStorage/OneDrive-DGSSpA/Documenti/Progetti/spring-petclinic/target/test-classes:/Users/mattiasardellini/Library/CloudStorage/OneDrive-DGSSpA/Documenti/Progetti/spring-petclinic/target/classes:/Users/mattiasardellini/.m2/repository/org/springframework/boot/spring-boot-starter-actuator/3.2.1/spring-boot-starter-actuator-3.2.1.jar:/Users/mattiasardellini/.m2/repository/org/springframework/boot/spring-boot-starter/3.2.1/spring-boot-starter-3.2.1.jar:/Users/mattiasardellini/.m2/repository/org/springframework/boot/spring-boot-starter-logging/3.2.1/spring-boot-starter-logging-3.2.1.jar:/Users/mattiasardellini/.m2/repository/ch/qos/logback/logback-classic/1.4.14/logback-classic-1.4.14.jar:/Users/mattiasardellini/.m2/repository/ch/qos/logback/logback-core/1.4.14/logback-core-1.4.14.jar:/Users/mattiasardellini/.m2/repository/org/apache/logging/log4j/log4j-to-slf4j/2.21.1/log4j-to-slf4j-2.21.1.jar:/Users/mattiasardellini/.m2/repository/org/apache/logging/log4j/log4j-api/2.21.1/log4j-api-2.21.1.jar:/Users/mattiasardellini/.m2/repository/org/slf4j/jul-to-slf4j/2.0.9/jul-to-slf4j-2.0.9.jar:/Users/mattiasardellini/.m2/repository/jakarta/annotation/jakarta.annotation-api/2.1.1/jakarta.annotation-api-2.1.1.jar:/Users/mattiasardellini/.m2/repository/org/yaml/snakeyaml/2.2/snakeyaml-2.2.jar:/Users/mattiasardellini/.m2/repository/org/springframework/boot/spring-boot-actuator-autoconfigure/3.2.1/spring-boot-actuator-autoconfigure-3.2.1.jar:/Users/mattiasardellini/.m2/repository/org/springframework/boot/spring-boot-actuator/3.2.1/spring-boot-actuator-3.2.1.jar:/Users/mattiasardellini/.m2/repository/com/fasterxml/jackson/datatype/jackson-datatype-jsr310/2.15.3/jackson-datatype-jsr310-2.15.3.jar:/Users/mattiasardellini/.m2/repository/io/micrometer/micrometer-observation/1.12.1/micrometer-observation-1.12.1.jar:/Users/mattiasardellini/.m2/repository/io/micrometer/micrometer-commons/1.12.1/micrometer-commons-1.12.1.jar:/Users/mattiasardellini/.m2/repository/io/micrometer/micrometer-jakarta9/1.12.1/micrometer-jakarta9-1.12.1.jar:/Users/mattiasardellini/.m2/repository/io/micrometer/micrometer-core/1.12.1/micrometer-core-1.12.1.jar:/Users/mattiasardellini/.m2/repository/org/hdrhistogram/HdrHistogram/2.1.12/HdrHistogram-2.1.12.jar:/Users/mattiasardellini/.m2/repository/org/latencyutils/LatencyUtils/2.0.3/LatencyUtils-2.0.3.jar:/Users/mattiasardellini/.m2/repository/org/springframework/boot/spring-boot-starter-cache/3.2.1/spring-boot-starter-cache-3.2.1.jar:/Users/mattiasardellini/.m2/repository/org/springframework/spring-context-support/6.1.2/spring-context-support-6.1.2.jar:/Users/mattiasardellini/.m2/repository/org/springframework/spring-beans/6.1.2/spring-beans-6.1.2.jar:/Users/mattiasardellini/.m2/repository/org/springframework/spring-context/6.1.2/spring-context-6.1.2.jar:/Users/mattiasardellini/.m2/repository/org/springframework/boot/spring-boot-starter-data-jpa/3.2.1/spring-boot-starter-data-jpa-3.2.1.jar:/Users/mattiasardellini/.m2/repository/org/springframework/boot/spring-boot-starter-aop/3.2.1/spring-boot-starter-aop-3.2.1.jar:/Users/mattiasardellini/.m2/repository/org/springframework/spring-aop/6.1.2/spring-aop-6.1.2.jar:/Users/mattiasardellini/.m2/repository/org/aspectj/aspectjweaver/1.9.21/aspectjweaver-1.9.21.jar:/Users/mattiasardellini/.m2/repository/org/springframework/boot/spring-boot-starter-jdbc/3.2.1/spring-boot-starter-jdbc-3.2.1.jar:/Users/mattiasardellini/.m2/repository/com/zaxxer/HikariCP/5.0.1/HikariCP-5.0.1.jar:/Users/mattiasardellini/.m2/repository/org/springframework/spring-jdbc/6.1.2/spring-jdbc-6.1.2.jar:/Users/mattiasardellini/.m2/repository/org/hibernate/orm/hibernate-core/6.4.1.Final/hibernate-core-6.4.1.Final.jar:/Users/mattiasardellini/.m2/repository/jakarta/persistence/jakarta.persistence-api/3.1.0/jakarta.persistence-api-3.1.0.jar:/Users/mattiasardellini/.m2/repository/jakarta/transaction/jakarta.transaction-api/2.0.1/jakarta.transaction-api-2.0.1.jar:/Users/mattiasardellini/.m2/repository/org/jboss/logging/jboss-logging/3.5.3.Final/jboss-logging-3.5.3.Final.jar:/Users/mattiasardellini/.m2/repository/org/hibernate/common/hibernate-commons-annotations/6.0.6.Final/hibernate-commons-annotations-6.0.6.Final.jar:/Users/mattiasardellini/.m2/repository/io/smallrye/jandex/3.1.2/jandex-3.1.2.jar:/Users/mattiasardellini/.m2/repository/com/fasterxml/classmate/1.6.0/classmate-1.6.0.jar:/Users/mattiasardellini/.m2/repository/net/bytebuddy/byte-buddy/1.14.10/byte-buddy-1.14.10.jar:/Users/mattiasardellini/.m2/repository/org/glassfish/jaxb/jaxb-runtime/4.0.4/jaxb-runtime-4.0.4.jar:/Users/mattiasardellini/.m2/repository/org/glassfish/jaxb/jaxb-core/4.0.4/jaxb-core-4.0.4.jar:/Users/mattiasardellini/.m2/repository/org/eclipse/angus/angus-activation/2.0.1/angus-activation-2.0.1.jar:/Users/mattiasardellini/.m2/repository/org/glassfish/jaxb/txw2/4.0.4/txw2-4.0.4.jar:/Users/mattiasardellini/.m2/repository/com/sun/istack/istack-commons-runtime/4.1.2/istack-commons-runtime-4.1.2.jar:/Users/mattiasardellini/.m2/repository/jakarta/inject/jakarta.inject-api/2.0.1/jakarta.inject-api-2.0.1.jar:/Users/mattiasardellini/.m2/repository/org/antlr/antlr4-runtime/4.13.0/antlr4-runtime-4.13.0.jar:/Users/mattiasardellini/.m2/repository/org/springframework/data/spring-data-jpa/3.2.1/spring-data-jpa-3.2.1.jar:/Users/mattiasardellini/.m2/repository/org/springframework/data/spring-data-commons/3.2.1/spring-data-commons-3.2.1.jar:/Users/mattiasardellini/.m2/repository/org/springframework/spring-orm/6.1.2/spring-orm-6.1.2.jar:/Users/mattiasardellini/.m2/repository/org/springframework/spring-tx/6.1.2/spring-tx-6.1.2.jar:/Users/mattiasardellini/.m2/repository/org/slf4j/slf4j-api/2.0.9/slf4j-api-2.0.9.jar:/Users/mattiasardellini/.m2/repository/org/springframework/spring-aspects/6.1.2/spring-aspects-6.1.2.jar:/Users/mattiasardellini/.m2/repository/org/springframework/boot/spring-boot-starter-web/3.2.1/spring-boot-starter-web-3.2.1.jar:/Users/mattiasardellini/.m2/repository/org/springframework/boot/spring-boot-starter-json/3.2.1/spring-boot-starter-json-3.2.1.jar:/Users/mattiasardellini/.m2/repository/com/fasterxml/jackson/datatype/jackson-datatype-jdk8/2.15.3/jackson-datatype-jdk8-2.15.3.jar:/Users/mattiasardellini/.m2/repository/org/springframework/boot/spring-boot-starter-tomcat/3.2.1/spring-boot-starter-tomcat-3.2.1.jar:/Users/mattiasardellini/.m2/repository/org/apache/tomcat/embed/tomcat-embed-core/10.1.17/tomcat-embed-core-10.1.17.jar:/Users/mattiasardellini/.m2/repository/org/apache/tomcat/embed/tomcat-embed-websocket/10.1.17/tomcat-embed-websocket-10.1.17.jar:/Users/mattiasardellini/.m2/repository/org/springframework/spring-web/6.1.2/spring-web-6.1.2.jar:/Users/mattiasardellini/.m2/repository/org/springframework/spring-webmvc/6.1.2/spring-webmvc-6.1.2.jar:/Users/mattiasardellini/.m2/repository/org/springframework/spring-expression/6.1.2/spring-expression-6.1.2.jar:/Users/mattiasardellini/.m2/repository/org/springframework/boot/spring-boot-starter-validation/3.2.1/spring-boot-starter-validation-3.2.1.jar:/Users/mattiasardellini/.m2/repository/org/apache/tomcat/embed/tomcat-embed-el/10.1.17/tomcat-embed-el-10.1.17.jar:/Users/mattiasardellini/.m2/repository/org/hibernate/validator/hibernate-validator/8.0.1.Final/hibernate-validator-8.0.1.Final.jar:/Users/mattiasardellini/.m2/repository/jakarta/validation/jakarta.validation-api/3.0.2/jakarta.validation-api-3.0.2.jar:/Users/mattiasardellini/.m2/repository/org/springframework/boot/spring-boot-starter-thymeleaf/3.2.1/spring-boot-starter-thymeleaf-3.2.1.jar:/Users/mattiasardellini/.m2/repository/org/thymeleaf/thymeleaf-spring6/3.1.2.RELEASE/thymeleaf-spring6-3.1.2.RELEASE.jar:/Users/mattiasardellini/.m2/repository/org/thymeleaf/thymeleaf/3.1.2.RELEASE/thymeleaf-3.1.2.RELEASE.jar:/Users/mattiasardellini/.m2/repository/org/attoparser/attoparser/2.0.7.RELEASE/attoparser-2.0.7.RELEASE.jar:/Users/mattiasardellini/.m2/repository/org/unbescape/unbescape/1.1.6.RELEASE/unbescape-1.1.6.RELEASE.jar:/Users/mattiasardellini/.m2/repository/org/springframework/boot/spring-boot-starter-test/3.2.1/spring-boot-starter-test-3.2.1.jar:/Users/mattiasardellini/.m2/repository/org/springframework/boot/spring-boot-test/3.2.1/spring-boot-test-3.2.1.jar:/Users/mattiasardellini/.m2/repository/org/springframework/boot/spring-boot-test-autoconfigure/3.2.1/spring-boot-test-autoconfigure-3.2.1.jar:/Users/mattiasardellini/.m2/repository/com/jayway/jsonpath/json-path/2.8.0/json-path-2.8.0.jar:/Users/mattiasardellini/.m2/repository/net/minidev/json-smart/2.5.0/json-smart-2.5.0.jar:/Users/mattiasardellini/.m2/repository/net/minidev/accessors-smart/2.5.0/accessors-smart-2.5.0.jar:/Users/mattiasardellini/.m2/repository/org/ow2/asm/asm/9.3/asm-9.3.jar:/Users/mattiasardellini/.m2/repository/org/assertj/assertj-core/3.24.2/assertj-core-3.24.2.jar:/Users/mattiasardellini/.m2/repository/org/awaitility/awaitility/4.2.0/awaitility-4.2.0.jar:/Users/mattiasardellini/.m2/repository/org/hamcrest/hamcrest/2.2/hamcrest-2.2.jar:/Users/mattiasardellini/.m2/repository/org/junit/jupiter/junit-jupiter/5.10.1/junit-jupiter-5.10.1.jar:/Users/mattiasardellini/.m2/repository/org/junit/jupiter/junit-jupiter-api/5.10.1/junit-jupiter-api-5.10.1.jar:/Users/mattiasardellini/.m2/repository/org/opentest4j/opentest4j/1.3.0/opentest4j-1.3.0.jar:/Users/mattiasardellini/.m2/repository/org/junit/platform/junit-platform-commons/1.10.1/junit-platform-commons-1.10.1.jar:/Users/mattiasardellini/.m2/repository/org/apiguardian/apiguardian-api/1.1.2/apiguardian-api-1.1.2.jar:/Users/mattiasardellini/.m2/repository/org/junit/jupiter/junit-jupiter-params/5.10.1/junit-jupiter-params-5.10.1.jar:/Users/mattiasardellini/.m2/repository/org/junit/jupiter/junit-jupiter-engine/5.10.1/junit-jupiter-engine-5.10.1.jar:/Users/mattiasardellini/.m2/repository/org/junit/platform/junit-platform-engine/1.10.1/junit-platform-engine-1.10.1.jar:/Users/mattiasardellini/.m2/repository/org/mockito/mockito-core/5.7.0/mockito-core-5.7.0.jar:/Users/mattiasardellini/.m2/repository/net/bytebuddy/byte-buddy-agent/1.14.10/byte-buddy-agent-1.14.10.jar:/Users/mattiasardellini/.m2/repository/org/objenesis/objenesis/3.3/objenesis-3.3.jar:/Users/mattiasardellini/.m2/repository/org/mockito/mockito-junit-jupiter/5.7.0/mockito-junit-jupiter-5.7.0.jar:/Users/mattiasardellini/.m2/repository/org/skyscreamer/jsonassert/1.5.1/jsonassert-1.5.1.jar:/Users/mattiasardellini/.m2/repository/com/vaadin/external/google/android-json/0.0.20131108.vaadin1/android-json-0.0.20131108.vaadin1.jar:/Users/mattiasardellini/.m2/repository/org/springframework/spring-core/6.1.2/spring-core-6.1.2.jar:/Users/mattiasardellini/.m2/repository/org/springframework/spring-jcl/6.1.2/spring-jcl-6.1.2.jar:/Users/mattiasardellini/.m2/repository/org/springframework/spring-test/6.1.2/spring-test-6.1.2.jar:/Users/mattiasardellini/.m2/repository/org/xmlunit/xmlunit-core/2.9.1/xmlunit-core-2.9.1.jar:/Users/mattiasardellini/.m2/repository/com/h2database/h2/2.2.224/h2-2.2.224.jar:/Users/mattiasardellini/.m2/repository/com/mysql/mysql-connector-j/8.1.0/mysql-connector-j-8.1.0.jar:/Users/mattiasardellini/.m2/repository/org/postgresql/postgresql/42.6.0/postgresql-42.6.0.jar:/Users/mattiasardellini/.m2/repository/org/checkerframework/checker-qual/3.31.0/checker-qual-3.31.0.jar:/Users/mattiasardellini/.m2/repository/javax/cache/cache-api/1.1.1/cache-api-1.1.1.jar:/Users/mattiasardellini/.m2/repository/com/github/ben-manes/caffeine/caffeine/3.1.8/caffeine-3.1.8.jar:/Users/mattiasardellini/.m2/repository/com/google/errorprone/error_prone_annotations/2.21.1/error_prone_annotations-2.21.1.jar:/Users/mattiasardellini/.m2/repository/org/webjars/npm/bootstrap/5.3.2/bootstrap-5.3.2.jar:/Users/mattiasardellini/.m2/repository/org/webjars/npm/font-awesome/4.7.0/font-awesome-4.7.0.jar:/Users/mattiasardellini/.m2/repository/org/springframework/boot/spring-boot-devtools/3.2.1/spring-boot-devtools-3.2.1.jar:/Users/mattiasardellini/.m2/repository/org/springframework/boot/spring-boot/3.2.1/spring-boot-3.2.1.jar:/Users/mattiasardellini/.m2/repository/org/springframework/boot/spring-boot-autoconfigure/3.2.1/spring-boot-autoconfigure-3.2.1.jar:/Users/mattiasardellini/.m2/repository/org/springframework/boot/spring-boot-testcontainers/3.2.1/spring-boot-testcontainers-3.2.1.jar:/Users/mattiasardellini/.m2/repository/org/testcontainers/testcontainers/1.19.3/testcontainers-1.19.3.jar:/Users/mattiasardellini/.m2/repository/junit/junit/4.13.2/junit-4.13.2.jar:/Users/mattiasardellini/.m2/repository/org/hamcrest/hamcrest-core/2.2/hamcrest-core-2.2.jar:/Users/mattiasardellini/.m2/repository/org/apache/commons/commons-compress/1.24.0/commons-compress-1.24.0.jar:/Users/mattiasardellini/.m2/repository/org/rnorth/duct-tape/duct-tape/1.0.8/duct-tape-1.0.8.jar:/Users/mattiasardellini/.m2/repository/org/jetbrains/annotations/17.0.0/annotations-17.0.0.jar:/Users/mattiasardellini/.m2/repository/com/github/docker-java/docker-java-api/3.3.4/docker-java-api-3.3.4.jar:/Users/mattiasardellini/.m2/repository/com/github/docker-java/docker-java-transport-zerodep/3.3.4/docker-java-transport-zerodep-3.3.4.jar:/Users/mattiasardellini/.m2/repository/com/github/docker-java/docker-java-transport/3.3.4/docker-java-transport-3.3.4.jar:/Users/mattiasardellini/.m2/repository/net/java/dev/jna/jna/5.13.0/jna-5.13.0.jar:/Users/mattiasardellini/.m2/repository/org/springframework/boot/spring-boot-docker-compose/3.2.1/spring-boot-docker-compose-3.2.1.jar:/Users/mattiasardellini/.m2/repository/com/fasterxml/jackson/core/jackson-databind/2.15.3/jackson-databind-2.15.3.jar:/Users/mattiasardellini/.m2/repository/com/fasterxml/jackson/core/jackson-annotations/2.15.3/jackson-annotations-2.15.3.jar:/Users/mattiasardellini/.m2/repository/com/fasterxml/jackson/core/jackson-core/2.15.3/jackson-core-2.15.3.jar:/Users/mattiasardellini/.m2/repository/com/fasterxml/jackson/module/jackson-module-parameter-names/2.15.3/jackson-module-parameter-names-2.15.3.jar:/Users/mattiasardellini/.m2/repository/org/testcontainers/junit-jupiter/1.19.3/junit-jupiter-1.19.3.jar:/Users/mattiasardellini/.m2/repository/org/testcontainers/mysql/1.19.3/mysql-1.19.3.jar:/Users/mattiasardellini/.m2/repository/org/testcontainers/jdbc/1.19.3/jdbc-1.19.3.jar:/Users/mattiasardellini/.m2/repository/org/testcontainers/database-commons/1.19.3/database-commons-1.19.3.jar:/Users/mattiasardellini/.m2/repository/jakarta/xml/bind/jakarta.xml.bind-api/4.0.1/jakarta.xml.bind-api-4.0.1.jar:/Users/mattiasardellini/.m2/repository/jakarta/activation/jakarta.activation-api/2.1.2/jakarta.activation-api-2.1.2.jar:"/>
    <property name="sun.cpu.endian" value="little"/>
    <property name="user.home" value="/Users/mattiasardellini"/>
    <property name="user.language" value="it"/>
    <property name="git.closest.tag.commit.count" value=""/>
    <property name="java.specification.vendor" value="Oracle Corporation"/>
    <property name="java.version.date" value="2024-01-16"/>
    <property name="java.home" value="/Library/Java/JavaVirtualMachines/jdk-17.jdk/Contents/Home"/>
    <property name="git.total.commit.count" value="880"/>
    <property name="file.separator" value="/"/>
    <property name="basedir" value="/Users/mattiasardellini/Library/CloudStorage/OneDrive-DGSSpA/Documenti/Progetti/spring-petclinic"/>
    <property name="java.vm.compressedOopsMode" value="Zero based"/>
    <property name="line.separator" value="&#10;"/>
    <property name="git.build.user.email" value="mattia.sardellini@gmail.com"/>
    <property name="git.commit.committer.time" value="2024-01-11T14:18:33+0100"/>
    <property name="java.vm.specification.vendor" value="Oracle Corporation"/>
    <property name="java.specification.name" value="Java Platform API Specification"/>
    <property name="FILE_LOG_CHARSET" value="UTF-8"/>
    <property name="java.awt.headless" value="true"/>
    <property name="git.closest.tag.name" value=""/>
    <property name="git.local.branch.ahead" value="0"/>
    <property name="git.build.time" value="2023-05-10T09:42:50+0200"/>
    <property name="surefire.real.class.path" value="/Users/mattiasardellini/Library/CloudStorage/OneDrive-DGSSpA/Documenti/Progetti/spring-petclinic/target/surefire/surefirebooter-20240118115225551_3.jar"/>
    <property name="git.commit.message.full" value="Small optimization for empty petId"/>
    <property name="junit.platform.listeners.uid.tracking.enabled" value="true"/>
    <property name="sun.management.compiler" value="HotSpot 64-Bit Tiered Compilers"/>
    <property name="ftp.nonProxyHosts" value="local|*.local|169.254/16|*.169.254/16"/>
    <property name="junit.platform.listeners.uid.tracking.output.dir" value="/Users/mattiasardellini/Library/CloudStorage/OneDrive-DGSSpA/Documenti/Progetti/spring-petclinic/target/test-ids"/>
    <property name="java.runtime.version" value="17.0.10+11-LTS-240"/>
    <property name="user.name" value="mattiasardellini"/>
    <property name="path.separator" value=":"/>
    <property name="os.version" value="14.1.2"/>
    <property name="java.runtime.name" value="Java(TM) SE Runtime Environment"/>
    <property name="file.encoding" value="UTF-8"/>
    <property name="git.commit.user.email" value="dsyer@vmware.com"/>
    <property name="java.vm.name" value="Java HotSpot(TM) 64-Bit Server VM"/>
    <property name="git.local.branch.behind" value="0"/>
    <property name="git.dirty" value="false"/>
    <property name="localRepository" value="/Users/mattiasardellini/.m2/repository"/>
    <property name="java.vendor.url.bug" value="https://bugreport.java.com/bugreport/"/>
    <property name="java.io.tmpdir" value="/var/folders/z3/tp12rz21797_hmsdj4p91wxh0000gn/T/"/>
    <property name="catalina.home" value="/private/var/folders/z3/tp12rz21797_hmsdj4p91wxh0000gn/T/tomcat.0.4176278374766317679"/>
    <property name="com.zaxxer.hikari.pool_number" value="1"/>
    <property name="java.version" value="17.0.10"/>
    <property name="user.dir" value="/Users/mattiasardellini/Library/CloudStorage/OneDrive-DGSSpA/Documenti/Progetti/spring-petclinic"/>
    <property name="os.arch" value="aarch64"/>
    <property name="git.commit.user.name" value="Dave Syer"/>
    <property name="git.commit.id.abbrev" value="cdd925d"/>
    <property name="java.vm.specification.name" value="Java Virtual Machine Specification"/>
    <property name="PID" value="24126"/>
    <property name="git.commit.id.describe-short" value="cdd925d"/>
    <property name="CONSOLE_LOG_CHARSET" value="UTF-8"/>
    <property name="git.commit.id.describe" value="cdd925d"/>
    <property name="catalina.base" value="/private/var/folders/z3/tp12rz21797_hmsdj4p91wxh0000gn/T/tomcat.0.4176278374766317679"/>
    <property name="native.encoding" value="UTF-8"/>
    <property name="java.library.path" value="/Users/mattiasardellini/Library/Java/Extensions:/Library/Java/Extensions:/Network/Library/Java/Extensions:/System/Library/Java/Extensions:/usr/lib/java:."/>
    <property name="git.commit.message.short" value="Small optimization for empty petId"/>
    <property name="java.vm.info" value="mixed mode, sharing"/>
    <property name="java.vendor" value="Oracle Corporation"/>
    <property name="java.vm.version" value="17.0.10+11-LTS-240"/>
    <property name="sun.io.unicode.encoding" value="UnicodeBig"/>
    <property name="socksNonProxyHosts" value="local|*.local|169.254/16|*.169.254/16"/>
    <property name="java.class.version" value="61.0"/>
    <property name="git.commit.time" value="2024-01-11T14:18:33+0100"/>
    <property name="git.remote.origin.url" value="https://github.com/spring-projects/spring-petclinic.git"/>
  </properties>
  <testcase name="testFindAll" classname="org.springframework.samples.petclinic.PostgresIntegrationTests" time="0.386">
    <system-out><![CDATA[2024-01-18T11:52:32.316+01:00  INFO 24126 --- [           main] t.c.s.AnnotationConfigContextLoaderUtils : Could not detect default configuration classes for test class [org.springframework.samples.petclinic.PostgresIntegrationTests]: PostgresIntegrationTests does not declare any static, non-private, non-final, nested classes annotated with @Configuration.
2024-01-18T11:52:32.326+01:00  INFO 24126 --- [           main] .b.t.c.SpringBootTestContextBootstrapper : Found @SpringBootConfiguration org.springframework.samples.petclinic.PetClinicApplication for test class org.springframework.samples.petclinic.PostgresIntegrationTests
2024-01-18T11:52:33.078+01:00  INFO 24126 --- [           main] o.t.d.DockerClientProviderStrategy       : Found Docker environment with Docker accessed via Unix socket (/Users/mattiasardellini/.docker/run/docker.sock)
2024-01-18T11:52:33.082+01:00  INFO 24126 --- [           main] org.testcontainers.DockerClientFactory   : Docker host IP address is localhost
2024-01-18T11:52:33.098+01:00  INFO 24126 --- [           main] org.testcontainers.DockerClientFactory   : Connected to docker: 
  Server Version: 24.0.7
  API Version: 1.43
  Operating System: Docker Desktop
  Total Memory: 2922 MB
2024-01-18T11:52:33.111+01:00  INFO 24126 --- [           main] org.testcontainers.images.PullPolicy     : Image pull policy will be performed by: DefaultPullPolicy()
2024-01-18T11:52:33.113+01:00  INFO 24126 --- [           main] o.t.utility.ImageNameSubstitutor         : Image name substitution will be performed by: DefaultImageNameSubstitutor (composite of 'ConfigurationFileImageNameSubstitutor' and 'PrefixingImageNameSubstitutor')
2024-01-18T11:52:33.160+01:00  INFO 24126 --- [           main] tc.testcontainers/ryuk:0.5.1             : Pulling docker image: testcontainers/ryuk:0.5.1. Please be patient; this may take some time but only needs to be done once.
2024-01-18T11:52:35.534+01:00  INFO 24126 --- [-stream-4243517] tc.testcontainers/ryuk:0.5.1             : Starting to pull image
2024-01-18T11:52:35.615+01:00  INFO 24126 --- [-stream-4243517] tc.testcontainers/ryuk:0.5.1             : Pulling image layers:  0 pending,  0 downloaded,  0 extracted, (0 bytes/0 bytes)
2024-01-18T11:52:36.573+01:00  INFO 24126 --- [-stream-4243517] tc.testcontainers/ryuk:0.5.1             : Pulling image layers:  2 pending,  1 downloaded,  0 extracted, (56 KB/? MB)
2024-01-18T11:52:37.052+01:00  INFO 24126 --- [-stream-4243517] tc.testcontainers/ryuk:0.5.1             : Pulling image layers:  1 pending,  2 downloaded,  0 extracted, (4 MB/? MB)
2024-01-18T11:52:37.169+01:00  INFO 24126 --- [-stream-4243517] tc.testcontainers/ryuk:0.5.1             : Pulling image layers:  1 pending,  2 downloaded,  1 extracted, (4 MB/? MB)
2024-01-18T11:52:37.220+01:00  INFO 24126 --- [-stream-4243517] tc.testcontainers/ryuk:0.5.1             : Pulling image layers:  0 pending,  3 downloaded,  1 extracted, (5 MB/5 MB)
2024-01-18T11:52:37.257+01:00  INFO 24126 --- [-stream-4243517] tc.testcontainers/ryuk:0.5.1             : Pulling image layers:  0 pending,  3 downloaded,  2 extracted, (5 MB/5 MB)
2024-01-18T11:52:37.294+01:00  INFO 24126 --- [-stream-4243517] tc.testcontainers/ryuk:0.5.1             : Pulling image layers:  0 pending,  3 downloaded,  3 extracted, (5 MB/5 MB)
2024-01-18T11:52:37.306+01:00  INFO 24126 --- [-stream-4243517] tc.testcontainers/ryuk:0.5.1             : Pull complete. 3 layers, pulled in 1s (downloaded 5 MB at 5 MB/s)
2024-01-18T11:52:37.306+01:00  INFO 24126 --- [           main] tc.testcontainers/ryuk:0.5.1             : Image testcontainers/ryuk:0.5.1 pull took PT4.145822S
2024-01-18T11:52:37.377+01:00  INFO 24126 --- [           main] tc.testcontainers/ryuk:0.5.1             : Creating container for image: testcontainers/ryuk:0.5.1
2024-01-18T11:52:37.610+01:00  INFO 24126 --- [           main] tc.testcontainers/ryuk:0.5.1             : Container testcontainers/ryuk:0.5.1 is starting: 85972554423f0a2549d5105b40353b13e93079a6a33899587ed1c5a958c11dcd
2024-01-18T11:52:38.639+01:00  INFO 24126 --- [           main] tc.testcontainers/ryuk:0.5.1             : Container testcontainers/ryuk:0.5.1 started in PT1.26132S
2024-01-18T11:52:38.690+01:00  INFO 24126 --- [           main] o.t.utility.RyukResourceReaper           : Ryuk started - will monitor and terminate Testcontainers containers on JVM exit
2024-01-18T11:52:38.690+01:00  INFO 24126 --- [           main] org.testcontainers.DockerClientFactory   : Checking the system...
2024-01-18T11:52:38.691+01:00  INFO 24126 --- [           main] org.testcontainers.DockerClientFactory   : ✔︎ Docker server version should be at least 1.6.0
2024-01-18T11:52:38.699+01:00  INFO 24126 --- [           main] o.s.b.d.r.RestartApplicationListener     : Restart disabled due to context in which it is running


              |\      _,,,--,,_
             /,`.-'`'   ._  \-;;,_
  _______ __|,4-  ) )_   .;.(__`'-'__     ___ __    _ ___ _______
 |       | '---''(_/._)-'(_\_)   |   |   |   |  |  | |   |       |
 |    _  |    ___|_     _|       |   |   |   |   |_| |   |       | __ _ _
 |   |_| |   |___  |   | |       |   |   |   |       |   |       | \ \ \ \
 |    ___|    ___| |   | |      _|   |___|   |  _    |   |      _|  \ \ \ \
 |   |   |   |___  |   | |     |_|       |   | | |   |   |     |_    ) ) ) )
 |___|   |_______| |___| |_______|_______|___|_|  |__|___|_______|  / / / /
 ==================================================================/_/_/_/

:: Built with Spring Boot :: 3.2.1


2024-01-18T11:52:38.726+01:00  INFO 24126 --- [           main] o.s.s.p.PostgresIntegrationTests         : Starting PostgresIntegrationTests using Java 17.0.10 with PID 24126 (started by mattiasardellini in /Users/mattiasardellini/Library/CloudStorage/OneDrive-DGSSpA/Documenti/Progetti/spring-petclinic)
2024-01-18T11:52:38.726+01:00  INFO 24126 --- [           main] o.s.s.p.PostgresIntegrationTests         : The following 1 profile is active: "postgres"
2024-01-18T11:52:38.733+01:00  INFO 24126 --- [           main] .s.b.d.c.l.DockerComposeLifecycleManager : Using Docker Compose file '/Users/mattiasardellini/Library/CloudStorage/OneDrive-DGSSpA/Documenti/Progetti/spring-petclinic/docker-compose.yml'
2024-01-18T11:52:39.464+01:00  INFO 24126 --- [utReader-stderr] o.s.boot.docker.compose.core.DockerCli   :  postgres Pulling 
2024-01-18T11:52:41.446+01:00  INFO 24126 --- [utReader-stderr] o.s.boot.docker.compose.core.DockerCli   :  a5573528b1f0 Pulling fs layer 
2024-01-18T11:52:41.447+01:00  INFO 24126 --- [utReader-stderr] o.s.boot.docker.compose.core.DockerCli   :  1cc82172cf4e Pulling fs layer 
2024-01-18T11:52:41.448+01:00  INFO 24126 --- [utReader-stderr] o.s.boot.docker.compose.core.DockerCli   :  d1e1eca8a6fb Pulling fs layer 
2024-01-18T11:52:41.448+01:00  INFO 24126 --- [utReader-stderr] o.s.boot.docker.compose.core.DockerCli   :  aa1fc0a750a8 Pulling fs layer 
2024-01-18T11:52:41.448+01:00  INFO 24126 --- [utReader-stderr] o.s.boot.docker.compose.core.DockerCli   :  00a271e86404 Pulling fs layer 
2024-01-18T11:52:41.448+01:00  INFO 24126 --- [utReader-stderr] o.s.boot.docker.compose.core.DockerCli   :  6ee9625544dd Pulling fs layer 
2024-01-18T11:52:41.448+01:00  INFO 24126 --- [utReader-stderr] o.s.boot.docker.compose.core.DockerCli   :  635c7a8eeff6 Pulling fs layer 
2024-01-18T11:52:41.448+01:00  INFO 24126 --- [utReader-stderr] o.s.boot.docker.compose.core.DockerCli   :  bf63625d5452 Pulling fs layer 
2024-01-18T11:52:41.448+01:00  INFO 24126 --- [utReader-stderr] o.s.boot.docker.compose.core.DockerCli   :  e7d32355dc68 Pulling fs layer 
2024-01-18T11:52:41.448+01:00  INFO 24126 --- [utReader-stderr] o.s.boot.docker.compose.core.DockerCli   :  8f536aa26e61 Pulling fs layer 
2024-01-18T11:52:41.448+01:00  INFO 24126 --- [utReader-stderr] o.s.boot.docker.compose.core.DockerCli   :  218a04a99625 Pulling fs layer 
2024-01-18T11:52:41.448+01:00  INFO 24126 --- [utReader-stderr] o.s.boot.docker.compose.core.DockerCli   :  8c6fdf1d3bc6 Pulling fs layer 
2024-01-18T11:52:41.449+01:00  INFO 24126 --- [utReader-stderr] o.s.boot.docker.compose.core.DockerCli   :  aa1fc0a750a8 Waiting 
2024-01-18T11:52:41.449+01:00  INFO 24126 --- [utReader-stderr] o.s.boot.docker.compose.core.DockerCli   :  c6cc1b15465f Pulling fs layer 
2024-01-18T11:52:41.449+01:00  INFO 24126 --- [utReader-stderr] o.s.boot.docker.compose.core.DockerCli   :  00a271e86404 Waiting 
2024-01-18T11:52:41.449+01:00  INFO 24126 --- [utReader-stderr] o.s.boot.docker.compose.core.DockerCli   :  635c7a8eeff6 Waiting 
2024-01-18T11:52:41.449+01:00  INFO 24126 --- [utReader-stderr] o.s.boot.docker.compose.core.DockerCli   :  bf63625d5452 Waiting 
2024-01-18T11:52:41.449+01:00  INFO 24126 --- [utReader-stderr] o.s.boot.docker.compose.core.DockerCli   :  e7d32355dc68 Waiting 
2024-01-18T11:52:41.449+01:00  INFO 24126 --- [utReader-stderr] o.s.boot.docker.compose.core.DockerCli   :  8f536aa26e61 Waiting 
2024-01-18T11:52:41.450+01:00  INFO 24126 --- [utReader-stderr] o.s.boot.docker.compose.core.DockerCli   :  218a04a99625 Waiting 
2024-01-18T11:52:41.450+01:00  INFO 24126 --- [utReader-stderr] o.s.boot.docker.compose.core.DockerCli   :  8c6fdf1d3bc6 Waiting 
2024-01-18T11:52:41.450+01:00  INFO 24126 --- [utReader-stderr] o.s.boot.docker.compose.core.DockerCli   :  bc470d63629a Pulling fs layer 
2024-01-18T11:52:41.450+01:00  INFO 24126 --- [utReader-stderr] o.s.boot.docker.compose.core.DockerCli   :  c6cc1b15465f Waiting 
2024-01-18T11:52:41.450+01:00  INFO 24126 --- [utReader-stderr] o.s.boot.docker.compose.core.DockerCli   :  6ee9625544dd Waiting 
2024-01-18T11:52:41.450+01:00  INFO 24126 --- [utReader-stderr] o.s.boot.docker.compose.core.DockerCli   :  bc470d63629a Waiting 
2024-01-18T11:52:41.946+01:00  INFO 24126 --- [utReader-stderr] o.s.boot.docker.compose.core.DockerCli   :  d1e1eca8a6fb Downloading [>                                                  ]  45.65kB/4.499MB
2024-01-18T11:52:41.950+01:00  INFO 24126 --- [utReader-stderr] o.s.boot.docker.compose.core.DockerCli   :  1cc82172cf4e Downloading [==============================>                    ]     720B/1.165kB
2024-01-18T11:52:41.951+01:00  INFO 24126 --- [utReader-stderr] o.s.boot.docker.compose.core.DockerCli   :  1cc82172cf4e Downloading [==================================================>]  1.165kB/1.165kB
2024-01-18T11:52:41.951+01:00  INFO 24126 --- [utReader-stderr] o.s.boot.docker.compose.core.DockerCli   :  1cc82172cf4e Download complete 
2024-01-18T11:52:42.035+01:00  INFO 24126 --- [utReader-stderr] o.s.boot.docker.compose.core.DockerCli   :  a5573528b1f0 Downloading [>                                                  ]  293.2kB/29.16MB
2024-01-18T11:52:42.048+01:00  INFO 24126 --- [utReader-stderr] o.s.boot.docker.compose.core.DockerCli   :  d1e1eca8a6fb Downloading [===>                                               ]  354.6kB/4.499MB
2024-01-18T11:52:42.194+01:00  INFO 24126 --- [utReader-stderr] o.s.boot.docker.compose.core.DockerCli   :  d1e1eca8a6fb Downloading [=====>                                             ]  452.9kB/4.499MB
2024-01-18T11:52:42.197+01:00  INFO 24126 --- [utReader-stderr] o.s.boot.docker.compose.core.DockerCli   :  a5573528b1f0 Downloading [=>                                                 ]  895.3kB/29.16MB
2024-01-18T11:52:42.350+01:00  INFO 24126 --- [utReader-stderr] o.s.boot.docker.compose.core.DockerCli   :  a5573528b1f0 Downloading [==>                                                ]  1.493MB/29.16MB
2024-01-18T11:52:42.354+01:00  INFO 24126 --- [utReader-stderr] o.s.boot.docker.compose.core.DockerCli   :  d1e1eca8a6fb Downloading [==========>                                        ]  940.4kB/4.499MB
2024-01-18T11:52:42.472+01:00  INFO 24126 --- [utReader-stderr] o.s.boot.docker.compose.core.DockerCli   :  d1e1eca8a6fb Downloading [================>                                  ]  1.485MB/4.499MB
2024-01-18T11:52:42.479+01:00  INFO 24126 --- [utReader-stderr] o.s.boot.docker.compose.core.DockerCli   :  a5573528b1f0 Downloading [===>                                               ]  2.083MB/29.16MB
2024-01-18T11:52:42.556+01:00  INFO 24126 --- [utReader-stderr] o.s.boot.docker.compose.core.DockerCli   :  aa1fc0a750a8 Downloading [>                                                  ]  14.41kB/1.378MB
2024-01-18T11:52:42.586+01:00  INFO 24126 --- [utReader-stderr] o.s.boot.docker.compose.core.DockerCli   :  d1e1eca8a6fb Downloading [=====================>                             ]  1.977MB/4.499MB
2024-01-18T11:52:42.651+01:00  INFO 24126 --- [utReader-stderr] o.s.boot.docker.compose.core.DockerCli   :  a5573528b1f0 Downloading [====>                                              ]  2.673MB/29.16MB
2024-01-18T11:52:42.656+01:00  INFO 24126 --- [utReader-stderr] o.s.boot.docker.compose.core.DockerCli   :  aa1fc0a750a8 Downloading [========>                                          ]    245kB/1.378MB
2024-01-18T11:52:42.689+01:00  INFO 24126 --- [utReader-stderr] o.s.boot.docker.compose.core.DockerCli   :  d1e1eca8a6fb Downloading [=========================>                         ]  2.321MB/4.499MB
2024-01-18T11:52:42.762+01:00  INFO 24126 --- [utReader-stderr] o.s.boot.docker.compose.core.DockerCli   :  aa1fc0a750a8 Downloading [=====================>                             ]  592.2kB/1.378MB
2024-01-18T11:52:42.797+01:00  INFO 24126 --- [utReader-stderr] o.s.boot.docker.compose.core.DockerCli   :  d1e1eca8a6fb Downloading [===============================>                   ]  2.812MB/4.499MB
2024-01-18T11:52:42.830+01:00  INFO 24126 --- [utReader-stderr] o.s.boot.docker.compose.core.DockerCli   :  a5573528b1f0 Downloading [=====>                                             ]  3.283MB/29.16MB
2024-01-18T11:52:42.869+01:00  INFO 24126 --- [utReader-stderr] o.s.boot.docker.compose.core.DockerCli   :  aa1fc0a750a8 Downloading [===============================>                   ]  870.7kB/1.378MB
2024-01-18T11:52:42.902+01:00  INFO 24126 --- [utReader-stderr] o.s.boot.docker.compose.core.DockerCli   :  d1e1eca8a6fb Downloading [===================================>               ]  3.205MB/4.499MB
2024-01-18T11:52:42.981+01:00  INFO 24126 --- [utReader-stderr] o.s.boot.docker.compose.core.DockerCli   :  aa1fc0a750a8 Downloading [======================================>            ]  1.067MB/1.378MB
2024-01-18T11:52:42.992+01:00  INFO 24126 --- [utReader-stderr] o.s.boot.docker.compose.core.DockerCli   :  a5573528b1f0 Downloading [======>                                            ]  3.873MB/29.16MB
2024-01-18T11:52:43.015+01:00  INFO 24126 --- [utReader-stderr] o.s.boot.docker.compose.core.DockerCli   :  d1e1eca8a6fb Downloading [==========================================>        ]  3.795MB/4.499MB
2024-01-18T11:52:43.041+01:00  INFO 24126 --- [utReader-stderr] o.s.boot.docker.compose.core.DockerCli   :  aa1fc0a750a8 Downloading [==================================================>]  1.378MB/1.378MB
2024-01-18T11:52:43.042+01:00  INFO 24126 --- [utReader-stderr] o.s.boot.docker.compose.core.DockerCli   :  aa1fc0a750a8 Download complete 
2024-01-18T11:52:43.120+01:00  INFO 24126 --- [utReader-stderr] o.s.boot.docker.compose.core.DockerCli   :  d1e1eca8a6fb Downloading [=================================================> ]  4.483MB/4.499MB
2024-01-18T11:52:43.120+01:00  INFO 24126 --- [utReader-stderr] o.s.boot.docker.compose.core.DockerCli   :  d1e1eca8a6fb Verifying Checksum 
2024-01-18T11:52:43.120+01:00  INFO 24126 --- [utReader-stderr] o.s.boot.docker.compose.core.DockerCli   :  d1e1eca8a6fb Download complete 
2024-01-18T11:52:43.137+01:00  INFO 24126 --- [utReader-stderr] o.s.boot.docker.compose.core.DockerCli   :  a5573528b1f0 Downloading [=======>                                           ]  4.463MB/29.16MB
2024-01-18T11:52:43.280+01:00  INFO 24126 --- [utReader-stderr] o.s.boot.docker.compose.core.DockerCli   :  a5573528b1f0 Downloading [========>                                          ]  5.053MB/29.16MB
2024-01-18T11:52:43.396+01:00  INFO 24126 --- [utReader-stderr] o.s.boot.docker.compose.core.DockerCli   :  a5573528b1f0 Downloading [=========>                                         ]  5.643MB/29.16MB
2024-01-18T11:52:43.548+01:00  INFO 24126 --- [utReader-stderr] o.s.boot.docker.compose.core.DockerCli   :  a5573528b1f0 Downloading [===========>                                       ]  6.527MB/29.16MB
2024-01-18T11:52:43.560+01:00  INFO 24126 --- [utReader-stderr] o.s.boot.docker.compose.core.DockerCli   :  00a271e86404 Downloading [>                                                  ]  81.52kB/8.066MB
2024-01-18T11:52:43.602+01:00  INFO 24126 --- [utReader-stderr] o.s.boot.docker.compose.core.DockerCli   :  6ee9625544dd Downloading [>                                                  ]  11.67kB/1.108MB
2024-01-18T11:52:43.680+01:00  INFO 24126 --- [utReader-stderr] o.s.boot.docker.compose.core.DockerCli   :  a5573528b1f0 Downloading [============>                                      ]  7.117MB/29.16MB
2024-01-18T11:52:43.695+01:00  INFO 24126 --- [utReader-stderr] o.s.boot.docker.compose.core.DockerCli   :  00a271e86404 Downloading [==>                                                ]  412.9kB/8.066MB
2024-01-18T11:52:43.702+01:00  INFO 24126 --- [utReader-stderr] o.s.boot.docker.compose.core.DockerCli   :  6ee9625544dd Downloading [=========>                                         ]  212.8kB/1.108MB
2024-01-18T11:52:43.799+01:00  INFO 24126 --- [utReader-stderr] o.s.boot.docker.compose.core.DockerCli   :  a5573528b1f0 Downloading [=============>                                     ]  7.715MB/29.16MB
2024-01-18T11:52:43.810+01:00  INFO 24126 --- [utReader-stderr] o.s.boot.docker.compose.core.DockerCli   :  6ee9625544dd Downloading [============>                                      ]  276.8kB/1.108MB
2024-01-18T11:52:43.833+01:00  INFO 24126 --- [utReader-stderr] o.s.boot.docker.compose.core.DockerCli   :  00a271e86404 Downloading [====>                                              ]  743.8kB/8.066MB
2024-01-18T11:52:43.936+01:00  INFO 24126 --- [utReader-stderr] o.s.boot.docker.compose.core.DockerCli   :  6ee9625544dd Downloading [==============================>                    ]  665.9kB/1.108MB
2024-01-18T11:52:43.936+01:00  INFO 24126 --- [utReader-stderr] o.s.boot.docker.compose.core.DockerCli   :  00a271e86404 Downloading [======>                                            ]  1.071MB/8.066MB
2024-01-18T11:52:43.957+01:00  INFO 24126 --- [utReader-stderr] o.s.boot.docker.compose.core.DockerCli   :  a5573528b1f0 Downloading [==============>                                    ]    8.6MB/29.16MB
2024-01-18T11:52:44.041+01:00  INFO 24126 --- [utReader-stderr] o.s.boot.docker.compose.core.DockerCli   :  6ee9625544dd Downloading [========================================>          ]  895.3kB/1.108MB
2024-01-18T11:52:44.051+01:00  INFO 24126 --- [utReader-stderr] o.s.boot.docker.compose.core.DockerCli   :  00a271e86404 Downloading [==========>                                        ]  1.727MB/8.066MB
2024-01-18T11:52:44.102+01:00  INFO 24126 --- [utReader-stderr] o.s.boot.docker.compose.core.DockerCli   :  6ee9625544dd Verifying Checksum 
2024-01-18T11:52:44.103+01:00  INFO 24126 --- [utReader-stderr] o.s.boot.docker.compose.core.DockerCli   :  6ee9625544dd Download complete 
2024-01-18T11:52:44.108+01:00  INFO 24126 --- [utReader-stderr] o.s.boot.docker.compose.core.DockerCli   :  a5573528b1f0 Downloading [================>                                  ]  9.489MB/29.16MB
2024-01-18T11:52:44.164+01:00  INFO 24126 --- [utReader-stderr] o.s.boot.docker.compose.core.DockerCli   :  00a271e86404 Downloading [==============>                                    ]    2.3MB/8.066MB
2024-01-18T11:52:44.233+01:00  INFO 24126 --- [utReader-stderr] o.s.boot.docker.compose.core.DockerCli   :  a5573528b1f0 Downloading [=================>                                 ]  10.38MB/29.16MB
2024-01-18T11:52:44.275+01:00  INFO 24126 --- [utReader-stderr] o.s.boot.docker.compose.core.DockerCli   :  00a271e86404 Downloading [================>                                  ]   2.71MB/8.066MB
2024-01-18T11:52:44.382+01:00  INFO 24126 --- [utReader-stderr] o.s.boot.docker.compose.core.DockerCli   :  00a271e86404 Downloading [==================>                                ]  3.038MB/8.066MB
2024-01-18T11:52:44.382+01:00  INFO 24126 --- [utReader-stderr] o.s.boot.docker.compose.core.DockerCli   :  a5573528b1f0 Downloading [===================>                               ]  11.27MB/29.16MB
2024-01-18T11:52:44.480+01:00  INFO 24126 --- [utReader-stderr] o.s.boot.docker.compose.core.DockerCli   :  00a271e86404 Downloading [=====================>                             ]  3.529MB/8.066MB
2024-01-18T11:52:44.512+01:00  INFO 24126 --- [utReader-stderr] o.s.boot.docker.compose.core.DockerCli   :  a5573528b1f0 Downloading [====================>                              ]  12.15MB/29.16MB
2024-01-18T11:52:44.645+01:00  INFO 24126 --- [utReader-stderr] o.s.boot.docker.compose.core.DockerCli   :  a5573528b1f0 Downloading [=====================>                             ]  12.45MB/29.16MB
2024-01-18T11:52:44.648+01:00  INFO 24126 --- [utReader-stderr] o.s.boot.docker.compose.core.DockerCli   :  00a271e86404 Downloading [========================>                          ]  3.951MB/8.066MB
2024-01-18T11:52:44.653+01:00  INFO 24126 --- [utReader-stderr] o.s.boot.docker.compose.core.DockerCli   :  635c7a8eeff6 Downloading [==================================================>]     116B/116B
2024-01-18T11:52:44.653+01:00  INFO 24126 --- [utReader-stderr] o.s.boot.docker.compose.core.DockerCli   :  635c7a8eeff6 Verifying Checksum 
2024-01-18T11:52:44.653+01:00  INFO 24126 --- [utReader-stderr] o.s.boot.docker.compose.core.DockerCli   :  635c7a8eeff6 Download complete 
2024-01-18T11:52:44.717+01:00  INFO 24126 --- [utReader-stderr] o.s.boot.docker.compose.core.DockerCli   :  a5573528b1f0 Downloading [======================>                            ]  13.33MB/29.16MB
2024-01-18T11:52:44.796+01:00  INFO 24126 --- [utReader-stderr] o.s.boot.docker.compose.core.DockerCli   :  00a271e86404 Downloading [=============================>                     ]   4.77MB/8.066MB
2024-01-18T11:52:44.857+01:00  INFO 24126 --- [utReader-stderr] o.s.boot.docker.compose.core.DockerCli   :  a5573528b1f0 Downloading [========================>                          ]  14.22MB/29.16MB
2024-01-18T11:52:44.911+01:00  INFO 24126 --- [utReader-stderr] o.s.boot.docker.compose.core.DockerCli   :  00a271e86404 Downloading [=================================>                 ]  5.344MB/8.066MB
2024-01-18T11:52:44.992+01:00  INFO 24126 --- [utReader-stderr] o.s.boot.docker.compose.core.DockerCli   :  a5573528b1f0 Downloading [=========================>                         ]   15.1MB/29.16MB
2024-01-18T11:52:45.013+01:00  INFO 24126 --- [utReader-stderr] o.s.boot.docker.compose.core.DockerCli   :  00a271e86404 Downloading [====================================>              ]  5.835MB/8.066MB
2024-01-18T11:52:45.119+01:00  INFO 24126 --- [utReader-stderr] o.s.boot.docker.compose.core.DockerCli   :  00a271e86404 Downloading [========================================>          ]   6.49MB/8.066MB
2024-01-18T11:52:45.128+01:00  INFO 24126 --- [utReader-stderr] o.s.boot.docker.compose.core.DockerCli   :  a5573528b1f0 Downloading [===========================>                       ]  15.99MB/29.16MB
2024-01-18T11:52:45.234+01:00  INFO 24126 --- [utReader-stderr] o.s.boot.docker.compose.core.DockerCli   :  00a271e86404 Downloading [==========================================>        ]    6.9MB/8.066MB
2024-01-18T11:52:45.282+01:00  INFO 24126 --- [utReader-stderr] o.s.boot.docker.compose.core.DockerCli   :  a5573528b1f0 Downloading [============================>                      ]  16.87MB/29.16MB
2024-01-18T11:52:45.338+01:00  INFO 24126 --- [utReader-stderr] o.s.boot.docker.compose.core.DockerCli   :  00a271e86404 Downloading [==============================================>    ]  7.473MB/8.066MB
2024-01-18T11:52:45.389+01:00  INFO 24126 --- [utReader-stderr] o.s.boot.docker.compose.core.DockerCli   :  a5573528b1f0 Downloading [==============================>                    ]  17.77MB/29.16MB
2024-01-18T11:52:45.443+01:00  INFO 24126 --- [utReader-stderr] o.s.boot.docker.compose.core.DockerCli   :  00a271e86404 Downloading [=================================================> ]  7.965MB/8.066MB
2024-01-18T11:52:45.467+01:00  INFO 24126 --- [utReader-stderr] o.s.boot.docker.compose.core.DockerCli   :  00a271e86404 Verifying Checksum 
2024-01-18T11:52:45.467+01:00  INFO 24126 --- [utReader-stderr] o.s.boot.docker.compose.core.DockerCli   :  00a271e86404 Download complete 
2024-01-18T11:52:45.489+01:00  INFO 24126 --- [utReader-stderr] o.s.boot.docker.compose.core.DockerCli   :  a5573528b1f0 Downloading [===============================>                   ]  18.65MB/29.16MB
2024-01-18T11:52:45.623+01:00  INFO 24126 --- [utReader-stderr] o.s.boot.docker.compose.core.DockerCli   :  a5573528b1f0 Downloading [==================================>                ]  19.83MB/29.16MB
2024-01-18T11:52:45.744+01:00  INFO 24126 --- [utReader-stderr] o.s.boot.docker.compose.core.DockerCli   :  a5573528b1f0 Downloading [====================================>              ]  21.02MB/29.16MB
2024-01-18T11:52:45.847+01:00  INFO 24126 --- [utReader-stderr] o.s.boot.docker.compose.core.DockerCli   :  a5573528b1f0 Downloading [======================================>            ]  22.21MB/29.16MB
2024-01-18T11:52:45.957+01:00  INFO 24126 --- [utReader-stderr] o.s.boot.docker.compose.core.DockerCli   :  a5573528b1f0 Downloading [========================================>          ]  23.39MB/29.16MB
2024-01-18T11:52:46.108+01:00  INFO 24126 --- [utReader-stderr] o.s.boot.docker.compose.core.DockerCli   :  a5573528b1f0 Downloading [==========================================>        ]   24.6MB/29.16MB
2024-01-18T11:52:46.216+01:00  INFO 24126 --- [utReader-stderr] o.s.boot.docker.compose.core.DockerCli   :  a5573528b1f0 Downloading [============================================>      ]  25.79MB/29.16MB
2024-01-18T11:52:46.326+01:00  INFO 24126 --- [utReader-stderr] o.s.boot.docker.compose.core.DockerCli   :  a5573528b1f0 Downloading [=============================================>     ]  26.68MB/29.16MB
2024-01-18T11:52:46.420+01:00  INFO 24126 --- [utReader-stderr] o.s.boot.docker.compose.core.DockerCli   :  a5573528b1f0 Downloading [==============================================>    ]  27.27MB/29.16MB
2024-01-18T11:52:46.441+01:00  INFO 24126 --- [utReader-stderr] o.s.boot.docker.compose.core.DockerCli   :  e7d32355dc68 Downloading [>                                                  ]  539.9kB/106.9MB
2024-01-18T11:52:46.535+01:00  INFO 24126 --- [utReader-stderr] o.s.boot.docker.compose.core.DockerCli   :  a5573528b1f0 Downloading [=================================================> ]  28.74MB/29.16MB
2024-01-18T11:52:46.581+01:00  INFO 24126 --- [utReader-stderr] o.s.boot.docker.compose.core.DockerCli   :  a5573528b1f0 Verifying Checksum 
2024-01-18T11:52:46.581+01:00  INFO 24126 --- [utReader-stderr] o.s.boot.docker.compose.core.DockerCli   :  a5573528b1f0 Download complete 
2024-01-18T11:52:46.620+01:00  INFO 24126 --- [utReader-stderr] o.s.boot.docker.compose.core.DockerCli   :  a5573528b1f0 Extracting [>                                                  ]  294.9kB/29.16MB
2024-01-18T11:52:46.727+01:00  INFO 24126 --- [utReader-stderr] o.s.boot.docker.compose.core.DockerCli   :  a5573528b1f0 Extracting [========>                                          ]  4.719MB/29.16MB
2024-01-18T11:52:46.732+01:00  INFO 24126 --- [utReader-stderr] o.s.boot.docker.compose.core.DockerCli   :  e7d32355dc68 Downloading [>                                                  ]  1.081MB/106.9MB
2024-01-18T11:52:46.835+01:00  INFO 24126 --- [utReader-stderr] o.s.boot.docker.compose.core.DockerCli   :  a5573528b1f0 Extracting [===============>                                   ]  8.847MB/29.16MB
2024-01-18T11:52:46.938+01:00  INFO 24126 --- [utReader-stderr] o.s.boot.docker.compose.core.DockerCli   :  e7d32355dc68 Downloading [>                                                  ]  1.621MB/106.9MB
2024-01-18T11:52:46.966+01:00  INFO 24126 --- [utReader-stderr] o.s.boot.docker.compose.core.DockerCli   :  a5573528b1f0 Extracting [=================>                                 ]  10.32MB/29.16MB
2024-01-18T11:52:46.975+01:00  INFO 24126 --- [utReader-stderr] o.s.boot.docker.compose.core.DockerCli   :  bf63625d5452 Downloading [===========>                                       ]     720B/3.138kB
2024-01-18T11:52:46.975+01:00  INFO 24126 --- [utReader-stderr] o.s.boot.docker.compose.core.DockerCli   :  bf63625d5452 Downloading [==================================================>]  3.138kB/3.138kB
2024-01-18T11:52:46.975+01:00  INFO 24126 --- [utReader-stderr] o.s.boot.docker.compose.core.DockerCli   :  bf63625d5452 Download complete 
2024-01-18T11:52:47.083+01:00  INFO 24126 --- [utReader-stderr] o.s.boot.docker.compose.core.DockerCli   :  a5573528b1f0 Extracting [=======================>                           ]  13.86MB/29.16MB
2024-01-18T11:52:47.086+01:00  INFO 24126 --- [utReader-stderr] o.s.boot.docker.compose.core.DockerCli   :  8f536aa26e61 Downloading [===>                                               ]     720B/9.922kB
2024-01-18T11:52:47.087+01:00  INFO 24126 --- [utReader-stderr] o.s.boot.docker.compose.core.DockerCli   :  8f536aa26e61 Downloading [==================================================>]  9.922kB/9.922kB
2024-01-18T11:52:47.087+01:00  INFO 24126 --- [utReader-stderr] o.s.boot.docker.compose.core.DockerCli   :  8f536aa26e61 Verifying Checksum 
2024-01-18T11:52:47.087+01:00  INFO 24126 --- [utReader-stderr] o.s.boot.docker.compose.core.DockerCli   :  8f536aa26e61 Download complete 
2024-01-18T11:52:47.094+01:00  INFO 24126 --- [utReader-stderr] o.s.boot.docker.compose.core.DockerCli   :  e7d32355dc68 Downloading [=>                                                 ]  2.162MB/106.9MB
2024-01-18T11:52:47.187+01:00  INFO 24126 --- [utReader-stderr] o.s.boot.docker.compose.core.DockerCli   :  a5573528b1f0 Extracting [===============================>                   ]  18.28MB/29.16MB
2024-01-18T11:52:47.239+01:00  INFO 24126 --- [utReader-stderr] o.s.boot.docker.compose.core.DockerCli   :  e7d32355dc68 Downloading [=>                                                 ]  2.702MB/106.9MB
2024-01-18T11:52:47.293+01:00  INFO 24126 --- [utReader-stderr] o.s.boot.docker.compose.core.DockerCli   :  a5573528b1f0 Extracting [====================================>              ]  21.53MB/29.16MB
2024-01-18T11:52:47.343+01:00  INFO 24126 --- [utReader-stderr] o.s.boot.docker.compose.core.DockerCli   :  e7d32355dc68 Downloading [=>                                                 ]  3.242MB/106.9MB
2024-01-18T11:52:47.400+01:00  INFO 24126 --- [utReader-stderr] o.s.boot.docker.compose.core.DockerCli   :  a5573528b1f0 Extracting [========================================>          ]  23.59MB/29.16MB
2024-01-18T11:52:47.489+01:00  INFO 24126 --- [utReader-stderr] o.s.boot.docker.compose.core.DockerCli   :  218a04a99625 Downloading [==================================================>]     128B/128B
2024-01-18T11:52:47.489+01:00  INFO 24126 --- [utReader-stderr] o.s.boot.docker.compose.core.DockerCli   :  218a04a99625 Verifying Checksum 
2024-01-18T11:52:47.489+01:00  INFO 24126 --- [utReader-stderr] o.s.boot.docker.compose.core.DockerCli   :  218a04a99625 Download complete 
2024-01-18T11:52:47.521+01:00  INFO 24126 --- [utReader-stderr] o.s.boot.docker.compose.core.DockerCli   :  e7d32355dc68 Downloading [==>                                                ]  4.311MB/106.9MB
2024-01-18T11:52:47.577+01:00  INFO 24126 --- [utReader-stderr] o.s.boot.docker.compose.core.DockerCli   :  8c6fdf1d3bc6 Downloading [==================================================>]     170B/170B
2024-01-18T11:52:47.578+01:00  INFO 24126 --- [utReader-stderr] o.s.boot.docker.compose.core.DockerCli   :  8c6fdf1d3bc6 Verifying Checksum 
2024-01-18T11:52:47.578+01:00  INFO 24126 --- [utReader-stderr] o.s.boot.docker.compose.core.DockerCli   :  8c6fdf1d3bc6 Download complete 
2024-01-18T11:52:47.643+01:00  INFO 24126 --- [utReader-stderr] o.s.boot.docker.compose.core.DockerCli   :  a5573528b1f0 Extracting [=========================================>         ]  24.18MB/29.16MB
2024-01-18T11:52:47.671+01:00  INFO 24126 --- [utReader-stderr] o.s.boot.docker.compose.core.DockerCli   :  e7d32355dc68 Downloading [==>                                                ]  5.389MB/106.9MB
2024-01-18T11:52:47.754+01:00  INFO 24126 --- [utReader-stderr] o.s.boot.docker.compose.core.DockerCli   :  a5573528b1f0 Extracting [==========================================>        ]  24.77MB/29.16MB
2024-01-18T11:52:47.797+01:00  INFO 24126 --- [utReader-stderr] o.s.boot.docker.compose.core.DockerCli   :  e7d32355dc68 Downloading [===>                                               ]  6.466MB/106.9MB
2024-01-18T11:52:47.862+01:00  INFO 24126 --- [utReader-stderr] o.s.boot.docker.compose.core.DockerCli   :  a5573528b1f0 Extracting [=============================================>     ]  26.54MB/29.16MB
2024-01-18T11:52:47.996+01:00  INFO 24126 --- [utReader-stderr] o.s.boot.docker.compose.core.DockerCli   :  e7d32355dc68 Downloading [===>                                               ]  7.547MB/106.9MB
2024-01-18T11:52:48.029+01:00  INFO 24126 --- [utReader-stderr] o.s.boot.docker.compose.core.DockerCli   :  a5573528b1f0 Extracting [===============================================>   ]  27.72MB/29.16MB
2024-01-18T11:52:48.040+01:00  INFO 24126 --- [utReader-stderr] o.s.boot.docker.compose.core.DockerCli   :  c6cc1b15465f Downloading [======>                                            ]     720B/5.417kB
2024-01-18T11:52:48.068+01:00  INFO 24126 --- [utReader-stderr] o.s.boot.docker.compose.core.DockerCli   :  c6cc1b15465f Downloading [==================================================>]  5.417kB/5.417kB
2024-01-18T11:52:48.069+01:00  INFO 24126 --- [utReader-stderr] o.s.boot.docker.compose.core.DockerCli   :  c6cc1b15465f Verifying Checksum 
2024-01-18T11:52:48.069+01:00  INFO 24126 --- [utReader-stderr] o.s.boot.docker.compose.core.DockerCli   :  c6cc1b15465f Download complete 
2024-01-18T11:52:48.083+01:00  INFO 24126 --- [utReader-stderr] o.s.boot.docker.compose.core.DockerCli   :  bc470d63629a Download complete 
2024-01-18T11:52:48.143+01:00  INFO 24126 --- [utReader-stderr] o.s.boot.docker.compose.core.DockerCli   :  e7d32355dc68 Downloading [====>                                              ]  8.608MB/106.9MB
2024-01-18T11:52:48.319+01:00  INFO 24126 --- [utReader-stderr] o.s.boot.docker.compose.core.DockerCli   :  e7d32355dc68 Downloading [====>                                              ]  9.685MB/106.9MB
2024-01-18T11:52:48.348+01:00  INFO 24126 --- [utReader-stderr] o.s.boot.docker.compose.core.DockerCli   :  a5573528b1f0 Extracting [================================================>  ]  28.31MB/29.16MB
2024-01-18T11:52:48.487+01:00  INFO 24126 --- [utReader-stderr] o.s.boot.docker.compose.core.DockerCli   :  a5573528b1f0 Extracting [==================================================>]  29.16MB/29.16MB
2024-01-18T11:52:48.502+01:00  INFO 24126 --- [utReader-stderr] o.s.boot.docker.compose.core.DockerCli   :  e7d32355dc68 Downloading [=====>                                             ]  10.76MB/106.9MB
2024-01-18T11:52:48.595+01:00  INFO 24126 --- [utReader-stderr] o.s.boot.docker.compose.core.DockerCli   :  a5573528b1f0 Pull complete 
2024-01-18T11:52:48.598+01:00  INFO 24126 --- [utReader-stderr] o.s.boot.docker.compose.core.DockerCli   :  1cc82172cf4e Extracting [==================================================>]  1.165kB/1.165kB
2024-01-18T11:52:48.599+01:00  INFO 24126 --- [utReader-stderr] o.s.boot.docker.compose.core.DockerCli   :  1cc82172cf4e Extracting [==================================================>]  1.165kB/1.165kB
2024-01-18T11:52:48.611+01:00  INFO 24126 --- [utReader-stderr] o.s.boot.docker.compose.core.DockerCli   :  1cc82172cf4e Pull complete 
2024-01-18T11:52:48.614+01:00  INFO 24126 --- [utReader-stderr] o.s.boot.docker.compose.core.DockerCli   :  d1e1eca8a6fb Extracting [>                                                  ]  65.54kB/4.499MB
2024-01-18T11:52:48.679+01:00  INFO 24126 --- [utReader-stderr] o.s.boot.docker.compose.core.DockerCli   :  e7d32355dc68 Downloading [=====>                                             ]  11.83MB/106.9MB
2024-01-18T11:52:48.726+01:00  INFO 24126 --- [utReader-stderr] o.s.boot.docker.compose.core.DockerCli   :  d1e1eca8a6fb Extracting [==================================================>]  4.499MB/4.499MB
2024-01-18T11:52:48.766+01:00  INFO 24126 --- [utReader-stderr] o.s.boot.docker.compose.core.DockerCli   :  d1e1eca8a6fb Pull complete 
2024-01-18T11:52:48.775+01:00  INFO 24126 --- [utReader-stderr] o.s.boot.docker.compose.core.DockerCli   :  aa1fc0a750a8 Extracting [=>                                                 ]  32.77kB/1.378MB
2024-01-18T11:52:48.806+01:00  INFO 24126 --- [utReader-stderr] o.s.boot.docker.compose.core.DockerCli   :  aa1fc0a750a8 Extracting [==================================================>]  1.378MB/1.378MB
2024-01-18T11:52:48.817+01:00  INFO 24126 --- [utReader-stderr] o.s.boot.docker.compose.core.DockerCli   :  aa1fc0a750a8 Pull complete 
2024-01-18T11:52:48.818+01:00  INFO 24126 --- [utReader-stderr] o.s.boot.docker.compose.core.DockerCli   :  00a271e86404 Extracting [>                                                  ]   98.3kB/8.066MB
2024-01-18T11:52:48.860+01:00  INFO 24126 --- [utReader-stderr] o.s.boot.docker.compose.core.DockerCli   :  e7d32355dc68 Downloading [======>                                            ]  12.91MB/106.9MB
2024-01-18T11:52:48.919+01:00  INFO 24126 --- [utReader-stderr] o.s.boot.docker.compose.core.DockerCli   :  00a271e86404 Extracting [==================>                                ]  3.047MB/8.066MB
2024-01-18T11:52:48.969+01:00  INFO 24126 --- [utReader-stderr] o.s.boot.docker.compose.core.DockerCli   :  e7d32355dc68 Downloading [======>                                            ]  13.45MB/106.9MB
2024-01-18T11:52:49.045+01:00  INFO 24126 --- [utReader-stderr] o.s.boot.docker.compose.core.DockerCli   :  00a271e86404 Extracting [=======================>                           ]  3.834MB/8.066MB
2024-01-18T11:52:49.133+01:00  INFO 24126 --- [utReader-stderr] o.s.boot.docker.compose.core.DockerCli   :  e7d32355dc68 Downloading [======>                                            ]  14.51MB/106.9MB
2024-01-18T11:52:49.133+01:00  INFO 24126 --- [utReader-stderr] o.s.boot.docker.compose.core.DockerCli   :  00a271e86404 Extracting [============================>                      ]   4.62MB/8.066MB
2024-01-18T11:52:49.248+01:00  INFO 24126 --- [utReader-stderr] o.s.boot.docker.compose.core.DockerCli   :  00a271e86404 Extracting [====================================>              ]  5.898MB/8.066MB
2024-01-18T11:52:49.304+01:00  INFO 24126 --- [utReader-stderr] o.s.boot.docker.compose.core.DockerCli   :  e7d32355dc68 Downloading [=======>                                           ]  15.58MB/106.9MB
2024-01-18T11:52:49.334+01:00  INFO 24126 --- [utReader-stderr] o.s.boot.docker.compose.core.DockerCli   :  00a271e86404 Extracting [==================================================>]  8.066MB/8.066MB
2024-01-18T11:52:49.401+01:00  INFO 24126 --- [utReader-stderr] o.s.boot.docker.compose.core.DockerCli   :  00a271e86404 Pull complete 
2024-01-18T11:52:49.403+01:00  INFO 24126 --- [utReader-stderr] o.s.boot.docker.compose.core.DockerCli   :  6ee9625544dd Extracting [=>                                                 ]  32.77kB/1.108MB
2024-01-18T11:52:49.429+01:00  INFO 24126 --- [utReader-stderr] o.s.boot.docker.compose.core.DockerCli   :  6ee9625544dd Extracting [==================================================>]  1.108MB/1.108MB
2024-01-18T11:52:49.432+01:00  INFO 24126 --- [utReader-stderr] o.s.boot.docker.compose.core.DockerCli   :  6ee9625544dd Extracting [==================================================>]  1.108MB/1.108MB
2024-01-18T11:52:49.456+01:00  INFO 24126 --- [utReader-stderr] o.s.boot.docker.compose.core.DockerCli   :  6ee9625544dd Pull complete 
2024-01-18T11:52:49.461+01:00  INFO 24126 --- [utReader-stderr] o.s.boot.docker.compose.core.DockerCli   :  635c7a8eeff6 Extracting [==================================================>]     116B/116B
2024-01-18T11:52:49.462+01:00  INFO 24126 --- [utReader-stderr] o.s.boot.docker.compose.core.DockerCli   :  635c7a8eeff6 Extracting [==================================================>]     116B/116B
2024-01-18T11:52:49.466+01:00  INFO 24126 --- [utReader-stderr] o.s.boot.docker.compose.core.DockerCli   :  635c7a8eeff6 Pull complete 
2024-01-18T11:52:49.470+01:00  INFO 24126 --- [utReader-stderr] o.s.boot.docker.compose.core.DockerCli   :  e7d32355dc68 Downloading [=======>                                           ]  16.66MB/106.9MB
2024-01-18T11:52:49.471+01:00  INFO 24126 --- [utReader-stderr] o.s.boot.docker.compose.core.DockerCli   :  bf63625d5452 Extracting [==================================================>]  3.138kB/3.138kB
2024-01-18T11:52:49.471+01:00  INFO 24126 --- [utReader-stderr] o.s.boot.docker.compose.core.DockerCli   :  bf63625d5452 Extracting [==================================================>]  3.138kB/3.138kB
2024-01-18T11:52:49.476+01:00  INFO 24126 --- [utReader-stderr] o.s.boot.docker.compose.core.DockerCli   :  bf63625d5452 Pull complete 
2024-01-18T11:52:49.598+01:00  INFO 24126 --- [utReader-stderr] o.s.boot.docker.compose.core.DockerCli   :  e7d32355dc68 Downloading [========>                                          ]  17.72MB/106.9MB
2024-01-18T11:52:49.720+01:00  INFO 24126 --- [utReader-stderr] o.s.boot.docker.compose.core.DockerCli   :  e7d32355dc68 Downloading [========>                                          ]  18.79MB/106.9MB
2024-01-18T11:52:49.820+01:00  INFO 24126 --- [utReader-stderr] o.s.boot.docker.compose.core.DockerCli   :  e7d32355dc68 Downloading [=========>                                         ]  19.87MB/106.9MB
2024-01-18T11:52:49.938+01:00  INFO 24126 --- [utReader-stderr] o.s.boot.docker.compose.core.DockerCli   :  e7d32355dc68 Downloading [=========>                                         ]  20.95MB/106.9MB
2024-01-18T11:52:50.102+01:00  INFO 24126 --- [utReader-stderr] o.s.boot.docker.compose.core.DockerCli   :  e7d32355dc68 Downloading [==========>                                        ]  22.57MB/106.9MB
2024-01-18T11:52:50.256+01:00  INFO 24126 --- [utReader-stderr] o.s.boot.docker.compose.core.DockerCli   :  e7d32355dc68 Downloading [===========>                                       ]  24.18MB/106.9MB
2024-01-18T11:52:50.401+01:00  INFO 24126 --- [utReader-stderr] o.s.boot.docker.compose.core.DockerCli   :  e7d32355dc68 Downloading [============>                                      ]  25.79MB/106.9MB
2024-01-18T11:52:50.544+01:00  INFO 24126 --- [utReader-stderr] o.s.boot.docker.compose.core.DockerCli   :  e7d32355dc68 Downloading [============>                                      ]   27.4MB/106.9MB
2024-01-18T11:52:50.692+01:00  INFO 24126 --- [utReader-stderr] o.s.boot.docker.compose.core.DockerCli   :  e7d32355dc68 Downloading [=============>                                     ]  29.02MB/106.9MB
2024-01-18T11:52:50.822+01:00  INFO 24126 --- [utReader-stderr] o.s.boot.docker.compose.core.DockerCli   :  e7d32355dc68 Downloading [==============>                                    ]  30.63MB/106.9MB
2024-01-18T11:52:50.927+01:00  INFO 24126 --- [utReader-stderr] o.s.boot.docker.compose.core.DockerCli   :  e7d32355dc68 Downloading [==============>                                    ]  31.71MB/106.9MB
2024-01-18T11:52:51.061+01:00  INFO 24126 --- [utReader-stderr] o.s.boot.docker.compose.core.DockerCli   :  e7d32355dc68 Downloading [===============>                                   ]  33.32MB/106.9MB
2024-01-18T11:52:51.212+01:00  INFO 24126 --- [utReader-stderr] o.s.boot.docker.compose.core.DockerCli   :  e7d32355dc68 Downloading [================>                                  ]  34.94MB/106.9MB
2024-01-18T11:52:51.349+01:00  INFO 24126 --- [utReader-stderr] o.s.boot.docker.compose.core.DockerCli   :  e7d32355dc68 Downloading [=================>                                 ]  36.55MB/106.9MB
2024-01-18T11:52:51.504+01:00  INFO 24126 --- [utReader-stderr] o.s.boot.docker.compose.core.DockerCli   :  e7d32355dc68 Downloading [=================>                                 ]  38.16MB/106.9MB
2024-01-18T11:52:51.629+01:00  INFO 24126 --- [utReader-stderr] o.s.boot.docker.compose.core.DockerCli   :  e7d32355dc68 Downloading [==================>                                ]  39.77MB/106.9MB
2024-01-18T11:52:51.798+01:00  INFO 24126 --- [utReader-stderr] o.s.boot.docker.compose.core.DockerCli   :  e7d32355dc68 Downloading [===================>                               ]   41.4MB/106.9MB
2024-01-18T11:52:51.929+01:00  INFO 24126 --- [utReader-stderr] o.s.boot.docker.compose.core.DockerCli   :  e7d32355dc68 Downloading [====================>                              ]  43.02MB/106.9MB
2024-01-18T11:52:52.091+01:00  INFO 24126 --- [utReader-stderr] o.s.boot.docker.compose.core.DockerCli   :  e7d32355dc68 Downloading [====================>                              ]  44.62MB/106.9MB
2024-01-18T11:52:52.236+01:00  INFO 24126 --- [utReader-stderr] o.s.boot.docker.compose.core.DockerCli   :  e7d32355dc68 Downloading [=====================>                             ]  46.23MB/106.9MB
2024-01-18T11:52:52.370+01:00  INFO 24126 --- [utReader-stderr] o.s.boot.docker.compose.core.DockerCli   :  e7d32355dc68 Downloading [======================>                            ]  47.84MB/106.9MB
2024-01-18T11:52:52.530+01:00  INFO 24126 --- [utReader-stderr] o.s.boot.docker.compose.core.DockerCli   :  e7d32355dc68 Downloading [=======================>                           ]  49.45MB/106.9MB
2024-01-18T11:52:52.670+01:00  INFO 24126 --- [utReader-stderr] o.s.boot.docker.compose.core.DockerCli   :  e7d32355dc68 Downloading [=======================>                           ]  51.06MB/106.9MB
2024-01-18T11:52:52.810+01:00  INFO 24126 --- [utReader-stderr] o.s.boot.docker.compose.core.DockerCli   :  e7d32355dc68 Downloading [========================>                          ]  52.68MB/106.9MB
2024-01-18T11:52:52.922+01:00  INFO 24126 --- [utReader-stderr] o.s.boot.docker.compose.core.DockerCli   :  e7d32355dc68 Downloading [=========================>                         ]  53.76MB/106.9MB
2024-01-18T11:52:53.072+01:00  INFO 24126 --- [utReader-stderr] o.s.boot.docker.compose.core.DockerCli   :  e7d32355dc68 Downloading [=========================>                         ]  55.36MB/106.9MB
2024-01-18T11:52:53.179+01:00  INFO 24126 --- [utReader-stderr] o.s.boot.docker.compose.core.DockerCli   :  e7d32355dc68 Downloading [==========================>                        ]  56.43MB/106.9MB
2024-01-18T11:52:53.297+01:00  INFO 24126 --- [utReader-stderr] o.s.boot.docker.compose.core.DockerCli   :  e7d32355dc68 Downloading [===========================>                       ]  58.03MB/106.9MB
2024-01-18T11:52:53.431+01:00  INFO 24126 --- [utReader-stderr] o.s.boot.docker.compose.core.DockerCli   :  e7d32355dc68 Downloading [===========================>                       ]  59.63MB/106.9MB
2024-01-18T11:52:53.594+01:00  INFO 24126 --- [utReader-stderr] o.s.boot.docker.compose.core.DockerCli   :  e7d32355dc68 Downloading [============================>                      ]  61.24MB/106.9MB
2024-01-18T11:52:53.748+01:00  INFO 24126 --- [utReader-stderr] o.s.boot.docker.compose.core.DockerCli   :  e7d32355dc68 Downloading [=============================>                     ]  62.86MB/106.9MB
2024-01-18T11:52:53.895+01:00  INFO 24126 --- [utReader-stderr] o.s.boot.docker.compose.core.DockerCli   :  e7d32355dc68 Downloading [==============================>                    ]  64.46MB/106.9MB
2024-01-18T11:52:54.001+01:00  INFO 24126 --- [utReader-stderr] o.s.boot.docker.compose.core.DockerCli   :  e7d32355dc68 Downloading [==============================>                    ]  66.07MB/106.9MB
2024-01-18T11:52:54.115+01:00  INFO 24126 --- [utReader-stderr] o.s.boot.docker.compose.core.DockerCli   :  e7d32355dc68 Downloading [===============================>                   ]  67.15MB/106.9MB
2024-01-18T11:52:54.266+01:00  INFO 24126 --- [utReader-stderr] o.s.boot.docker.compose.core.DockerCli   :  e7d32355dc68 Downloading [================================>                  ]  68.76MB/106.9MB
2024-01-18T11:52:54.428+01:00  INFO 24126 --- [utReader-stderr] o.s.boot.docker.compose.core.DockerCli   :  e7d32355dc68 Downloading [================================>                  ]  70.36MB/106.9MB
2024-01-18T11:52:54.554+01:00  INFO 24126 --- [utReader-stderr] o.s.boot.docker.compose.core.DockerCli   :  e7d32355dc68 Downloading [=================================>                 ]  71.98MB/106.9MB
2024-01-18T11:52:54.659+01:00  INFO 24126 --- [utReader-stderr] o.s.boot.docker.compose.core.DockerCli   :  e7d32355dc68 Downloading [==================================>                ]  73.05MB/106.9MB
2024-01-18T11:52:54.796+01:00  INFO 24126 --- [utReader-stderr] o.s.boot.docker.compose.core.DockerCli   :  e7d32355dc68 Downloading [==================================>                ]  74.66MB/106.9MB
2024-01-18T11:52:54.937+01:00  INFO 24126 --- [utReader-stderr] o.s.boot.docker.compose.core.DockerCli   :  e7d32355dc68 Downloading [===================================>               ]  76.27MB/106.9MB
2024-01-18T11:52:55.052+01:00  INFO 24126 --- [utReader-stderr] o.s.boot.docker.compose.core.DockerCli   :  e7d32355dc68 Downloading [====================================>              ]  77.86MB/106.9MB
2024-01-18T11:52:55.163+01:00  INFO 24126 --- [utReader-stderr] o.s.boot.docker.compose.core.DockerCli   :  e7d32355dc68 Downloading [====================================>              ]  78.94MB/106.9MB
2024-01-18T11:52:55.305+01:00  INFO 24126 --- [utReader-stderr] o.s.boot.docker.compose.core.DockerCli   :  e7d32355dc68 Downloading [=====================================>             ]  80.55MB/106.9MB
2024-01-18T11:52:55.439+01:00  INFO 24126 --- [utReader-stderr] o.s.boot.docker.compose.core.DockerCli   :  e7d32355dc68 Downloading [======================================>            ]  82.17MB/106.9MB
2024-01-18T11:52:55.548+01:00  INFO 24126 --- [utReader-stderr] o.s.boot.docker.compose.core.DockerCli   :  e7d32355dc68 Downloading [======================================>            ]  83.23MB/106.9MB
2024-01-18T11:52:55.663+01:00  INFO 24126 --- [utReader-stderr] o.s.boot.docker.compose.core.DockerCli   :  e7d32355dc68 Downloading [=======================================>           ]  84.84MB/106.9MB
2024-01-18T11:52:55.785+01:00  INFO 24126 --- [utReader-stderr] o.s.boot.docker.compose.core.DockerCli   :  e7d32355dc68 Downloading [========================================>          ]  85.92MB/106.9MB
2024-01-18T11:52:55.928+01:00  INFO 24126 --- [utReader-stderr] o.s.boot.docker.compose.core.DockerCli   :  e7d32355dc68 Downloading [========================================>          ]  87.52MB/106.9MB
2024-01-18T11:52:56.057+01:00  INFO 24126 --- [utReader-stderr] o.s.boot.docker.compose.core.DockerCli   :  e7d32355dc68 Downloading [=========================================>         ]  89.13MB/106.9MB
2024-01-18T11:52:56.211+01:00  INFO 24126 --- [utReader-stderr] o.s.boot.docker.compose.core.DockerCli   :  e7d32355dc68 Downloading [==========================================>        ]  90.74MB/106.9MB
2024-01-18T11:52:56.347+01:00  INFO 24126 --- [utReader-stderr] o.s.boot.docker.compose.core.DockerCli   :  e7d32355dc68 Downloading [===========================================>       ]  92.35MB/106.9MB
2024-01-18T11:52:56.454+01:00  INFO 24126 --- [utReader-stderr] o.s.boot.docker.compose.core.DockerCli   :  e7d32355dc68 Downloading [===========================================>       ]  93.42MB/106.9MB
2024-01-18T11:52:56.563+01:00  INFO 24126 --- [utReader-stderr] o.s.boot.docker.compose.core.DockerCli   :  e7d32355dc68 Downloading [============================================>      ]   94.5MB/106.9MB
2024-01-18T11:52:56.678+01:00  INFO 24126 --- [utReader-stderr] o.s.boot.docker.compose.core.DockerCli   :  e7d32355dc68 Downloading [============================================>      ]  95.58MB/106.9MB
2024-01-18T11:52:56.950+01:00  INFO 24126 --- [utReader-stderr] o.s.boot.docker.compose.core.DockerCli   :  e7d32355dc68 Downloading [============================================>      ]  96.11MB/106.9MB
2024-01-18T11:52:57.069+01:00  INFO 24126 --- [utReader-stderr] o.s.boot.docker.compose.core.DockerCli   :  e7d32355dc68 Downloading [=============================================>     ]  97.71MB/106.9MB
2024-01-18T11:52:57.182+01:00  INFO 24126 --- [utReader-stderr] o.s.boot.docker.compose.core.DockerCli   :  e7d32355dc68 Downloading [==============================================>    ]  98.79MB/106.9MB
2024-01-18T11:52:57.341+01:00  INFO 24126 --- [utReader-stderr] o.s.boot.docker.compose.core.DockerCli   :  e7d32355dc68 Downloading [==============================================>    ]  100.4MB/106.9MB
2024-01-18T11:52:57.454+01:00  INFO 24126 --- [utReader-stderr] o.s.boot.docker.compose.core.DockerCli   :  e7d32355dc68 Downloading [===============================================>   ]  101.5MB/106.9MB
2024-01-18T11:52:57.591+01:00  INFO 24126 --- [utReader-stderr] o.s.boot.docker.compose.core.DockerCli   :  e7d32355dc68 Downloading [================================================>  ]  103.1MB/106.9MB
2024-01-18T11:52:57.729+01:00  INFO 24126 --- [utReader-stderr] o.s.boot.docker.compose.core.DockerCli   :  e7d32355dc68 Downloading [================================================>  ]  104.7MB/106.9MB
2024-01-18T11:52:57.874+01:00  INFO 24126 --- [utReader-stderr] o.s.boot.docker.compose.core.DockerCli   :  e7d32355dc68 Downloading [=================================================> ]  106.3MB/106.9MB
2024-01-18T11:52:57.921+01:00  INFO 24126 --- [utReader-stderr] o.s.boot.docker.compose.core.DockerCli   :  e7d32355dc68 Download complete 
2024-01-18T11:52:57.981+01:00  INFO 24126 --- [utReader-stderr] o.s.boot.docker.compose.core.DockerCli   :  e7d32355dc68 Extracting [>                                                  ]  557.1kB/106.9MB
2024-01-18T11:52:58.095+01:00  INFO 24126 --- [utReader-stderr] o.s.boot.docker.compose.core.DockerCli   :  e7d32355dc68 Extracting [=>                                                 ]  3.342MB/106.9MB
2024-01-18T11:52:58.201+01:00  INFO 24126 --- [utReader-stderr] o.s.boot.docker.compose.core.DockerCli   :  e7d32355dc68 Extracting [=====>                                             ]  11.14MB/106.9MB
2024-01-18T11:52:58.309+01:00  INFO 24126 --- [utReader-stderr] o.s.boot.docker.compose.core.DockerCli   :  e7d32355dc68 Extracting [========>                                          ]  17.27MB/106.9MB
2024-01-18T11:52:58.415+01:00  INFO 24126 --- [utReader-stderr] o.s.boot.docker.compose.core.DockerCli   :  e7d32355dc68 Extracting [============>                                      ]  26.18MB/106.9MB
2024-01-18T11:52:58.519+01:00  INFO 24126 --- [utReader-stderr] o.s.boot.docker.compose.core.DockerCli   :  e7d32355dc68 Extracting [=============>                                     ]  28.97MB/106.9MB
2024-01-18T11:52:58.637+01:00  INFO 24126 --- [utReader-stderr] o.s.boot.docker.compose.core.DockerCli   :  e7d32355dc68 Extracting [===============>                                   ]  32.31MB/106.9MB
2024-01-18T11:52:58.741+01:00  INFO 24126 --- [utReader-stderr] o.s.boot.docker.compose.core.DockerCli   :  e7d32355dc68 Extracting [================>                                  ]  35.65MB/106.9MB
2024-01-18T11:52:58.848+01:00  INFO 24126 --- [utReader-stderr] o.s.boot.docker.compose.core.DockerCli   :  e7d32355dc68 Extracting [===================>                               ]  41.22MB/106.9MB
2024-01-18T11:52:58.974+01:00  INFO 24126 --- [utReader-stderr] o.s.boot.docker.compose.core.DockerCli   :  e7d32355dc68 Extracting [======================>                            ]  47.35MB/106.9MB
2024-01-18T11:52:59.076+01:00  INFO 24126 --- [utReader-stderr] o.s.boot.docker.compose.core.DockerCli   :  e7d32355dc68 Extracting [=======================>                           ]  50.14MB/106.9MB
2024-01-18T11:52:59.181+01:00  INFO 24126 --- [utReader-stderr] o.s.boot.docker.compose.core.DockerCli   :  e7d32355dc68 Extracting [=========================>                         ]  54.59MB/106.9MB
2024-01-18T11:52:59.285+01:00  INFO 24126 --- [utReader-stderr] o.s.boot.docker.compose.core.DockerCli   :  e7d32355dc68 Extracting [===========================>                       ]  57.93MB/106.9MB
2024-01-18T11:52:59.393+01:00  INFO 24126 --- [utReader-stderr] o.s.boot.docker.compose.core.DockerCli   :  e7d32355dc68 Extracting [=============================>                     ]   63.5MB/106.9MB
2024-01-18T11:52:59.535+01:00  INFO 24126 --- [utReader-stderr] o.s.boot.docker.compose.core.DockerCli   :  e7d32355dc68 Extracting [===============================>                   ]   67.4MB/106.9MB
2024-01-18T11:52:59.645+01:00  INFO 24126 --- [utReader-stderr] o.s.boot.docker.compose.core.DockerCli   :  e7d32355dc68 Extracting [================================>                  ]  68.52MB/106.9MB
2024-01-18T11:52:59.787+01:00  INFO 24126 --- [utReader-stderr] o.s.boot.docker.compose.core.DockerCli   :  e7d32355dc68 Extracting [=================================>                 ]   71.3MB/106.9MB
2024-01-18T11:52:59.993+01:00  INFO 24126 --- [utReader-stderr] o.s.boot.docker.compose.core.DockerCli   :  e7d32355dc68 Extracting [=================================>                 ]  72.42MB/106.9MB
2024-01-18T11:53:00.104+01:00  INFO 24126 --- [utReader-stderr] o.s.boot.docker.compose.core.DockerCli   :  e7d32355dc68 Extracting [==================================>                ]  74.65MB/106.9MB
2024-01-18T11:53:00.233+01:00  INFO 24126 --- [utReader-stderr] o.s.boot.docker.compose.core.DockerCli   :  e7d32355dc68 Extracting [====================================>              ]  78.54MB/106.9MB
2024-01-18T11:53:00.365+01:00  INFO 24126 --- [utReader-stderr] o.s.boot.docker.compose.core.DockerCli   :  e7d32355dc68 Extracting [=====================================>             ]  80.22MB/106.9MB
2024-01-18T11:53:00.483+01:00  INFO 24126 --- [utReader-stderr] o.s.boot.docker.compose.core.DockerCli   :  e7d32355dc68 Extracting [=======================================>           ]  83.56MB/106.9MB
2024-01-18T11:53:00.596+01:00  INFO 24126 --- [utReader-stderr] o.s.boot.docker.compose.core.DockerCli   :  e7d32355dc68 Extracting [========================================>          ]   86.9MB/106.9MB
2024-01-18T11:53:00.717+01:00  INFO 24126 --- [utReader-stderr] o.s.boot.docker.compose.core.DockerCli   :  e7d32355dc68 Extracting [==========================================>        ]  90.24MB/106.9MB
2024-01-18T11:53:00.894+01:00  INFO 24126 --- [utReader-stderr] o.s.boot.docker.compose.core.DockerCli   :  e7d32355dc68 Extracting [===========================================>       ]  93.59MB/106.9MB
2024-01-18T11:53:01.000+01:00  INFO 24126 --- [utReader-stderr] o.s.boot.docker.compose.core.DockerCli   :  e7d32355dc68 Extracting [=============================================>     ]  96.37MB/106.9MB
2024-01-18T11:53:01.107+01:00  INFO 24126 --- [utReader-stderr] o.s.boot.docker.compose.core.DockerCli   :  e7d32355dc68 Extracting [==============================================>    ]  99.16MB/106.9MB
2024-01-18T11:53:01.219+01:00  INFO 24126 --- [utReader-stderr] o.s.boot.docker.compose.core.DockerCli   :  e7d32355dc68 Extracting [===============================================>   ]  101.4MB/106.9MB
2024-01-18T11:53:01.334+01:00  INFO 24126 --- [utReader-stderr] o.s.boot.docker.compose.core.DockerCli   :  e7d32355dc68 Extracting [================================================>  ]  103.1MB/106.9MB
2024-01-18T11:53:01.438+01:00  INFO 24126 --- [utReader-stderr] o.s.boot.docker.compose.core.DockerCli   :  e7d32355dc68 Extracting [================================================>  ]  104.7MB/106.9MB
2024-01-18T11:53:01.578+01:00  INFO 24126 --- [utReader-stderr] o.s.boot.docker.compose.core.DockerCli   :  e7d32355dc68 Extracting [=================================================> ]  105.3MB/106.9MB
2024-01-18T11:53:01.680+01:00  INFO 24126 --- [utReader-stderr] o.s.boot.docker.compose.core.DockerCli   :  e7d32355dc68 Extracting [=================================================> ]  106.4MB/106.9MB
2024-01-18T11:53:01.726+01:00  INFO 24126 --- [utReader-stderr] o.s.boot.docker.compose.core.DockerCli   :  e7d32355dc68 Extracting [==================================================>]  106.9MB/106.9MB
2024-01-18T11:53:01.816+01:00  INFO 24126 --- [utReader-stderr] o.s.boot.docker.compose.core.DockerCli   :  e7d32355dc68 Pull complete 
2024-01-18T11:53:01.817+01:00  INFO 24126 --- [utReader-stderr] o.s.boot.docker.compose.core.DockerCli   :  8f536aa26e61 Extracting [==================================================>]  9.922kB/9.922kB
2024-01-18T11:53:01.818+01:00  INFO 24126 --- [utReader-stderr] o.s.boot.docker.compose.core.DockerCli   :  8f536aa26e61 Extracting [==================================================>]  9.922kB/9.922kB
2024-01-18T11:53:01.833+01:00  INFO 24126 --- [utReader-stderr] o.s.boot.docker.compose.core.DockerCli   :  8f536aa26e61 Pull complete 
2024-01-18T11:53:01.835+01:00  INFO 24126 --- [utReader-stderr] o.s.boot.docker.compose.core.DockerCli   :  218a04a99625 Extracting [==================================================>]     128B/128B
2024-01-18T11:53:01.836+01:00  INFO 24126 --- [utReader-stderr] o.s.boot.docker.compose.core.DockerCli   :  218a04a99625 Extracting [==================================================>]     128B/128B
2024-01-18T11:53:01.843+01:00  INFO 24126 --- [utReader-stderr] o.s.boot.docker.compose.core.DockerCli   :  218a04a99625 Pull complete 
2024-01-18T11:53:01.845+01:00  INFO 24126 --- [utReader-stderr] o.s.boot.docker.compose.core.DockerCli   :  8c6fdf1d3bc6 Extracting [==================================================>]     170B/170B
2024-01-18T11:53:01.845+01:00  INFO 24126 --- [utReader-stderr] o.s.boot.docker.compose.core.DockerCli   :  8c6fdf1d3bc6 Extracting [==================================================>]     170B/170B
2024-01-18T11:53:01.852+01:00  INFO 24126 --- [utReader-stderr] o.s.boot.docker.compose.core.DockerCli   :  8c6fdf1d3bc6 Pull complete 
2024-01-18T11:53:01.853+01:00  INFO 24126 --- [utReader-stderr] o.s.boot.docker.compose.core.DockerCli   :  c6cc1b15465f Extracting [==================================================>]  5.417kB/5.417kB
2024-01-18T11:53:01.854+01:00  INFO 24126 --- [utReader-stderr] o.s.boot.docker.compose.core.DockerCli   :  c6cc1b15465f Extracting [==================================================>]  5.417kB/5.417kB
2024-01-18T11:53:01.862+01:00  INFO 24126 --- [utReader-stderr] o.s.boot.docker.compose.core.DockerCli   :  c6cc1b15465f Pull complete 
2024-01-18T11:53:01.863+01:00  INFO 24126 --- [utReader-stderr] o.s.boot.docker.compose.core.DockerCli   :  bc470d63629a Extracting [==================================================>]     186B/186B
2024-01-18T11:53:01.863+01:00  INFO 24126 --- [utReader-stderr] o.s.boot.docker.compose.core.DockerCli   :  bc470d63629a Extracting [==================================================>]     186B/186B
2024-01-18T11:53:01.870+01:00  INFO 24126 --- [utReader-stderr] o.s.boot.docker.compose.core.DockerCli   :  bc470d63629a Pull complete 
2024-01-18T11:53:01.896+01:00  INFO 24126 --- [utReader-stderr] o.s.boot.docker.compose.core.DockerCli   :  postgres Pulled 
2024-01-18T11:53:01.979+01:00  INFO 24126 --- [utReader-stderr] o.s.boot.docker.compose.core.DockerCli   :  Network spring-petclinic_default  Creating
2024-01-18T11:53:02.054+01:00  INFO 24126 --- [utReader-stderr] o.s.boot.docker.compose.core.DockerCli   :  Network spring-petclinic_default  Created
2024-01-18T11:53:02.058+01:00  INFO 24126 --- [utReader-stderr] o.s.boot.docker.compose.core.DockerCli   :  Container spring-petclinic-postgres-1  Creating
2024-01-18T11:53:02.267+01:00  INFO 24126 --- [utReader-stderr] o.s.boot.docker.compose.core.DockerCli   :  Container spring-petclinic-postgres-1  Created
2024-01-18T11:53:02.274+01:00  INFO 24126 --- [utReader-stderr] o.s.boot.docker.compose.core.DockerCli   :  Container spring-petclinic-postgres-1  Starting
2024-01-18T11:53:02.821+01:00  INFO 24126 --- [utReader-stderr] o.s.boot.docker.compose.core.DockerCli   :  Container spring-petclinic-postgres-1  Started
2024-01-18T11:53:02.822+01:00  INFO 24126 --- [utReader-stderr] o.s.boot.docker.compose.core.DockerCli   :  Container spring-petclinic-postgres-1  Waiting
2024-01-18T11:53:03.329+01:00  INFO 24126 --- [utReader-stderr] o.s.boot.docker.compose.core.DockerCli   :  Container spring-petclinic-postgres-1  Healthy
2024-01-18T11:53:06.822+01:00  INFO 24126 --- [           main] .s.d.r.c.RepositoryConfigurationDelegate : Bootstrapping Spring Data JPA repositories in DEFAULT mode.
2024-01-18T11:53:06.898+01:00  INFO 24126 --- [           main] .s.d.r.c.RepositoryConfigurationDelegate : Finished Spring Data repository scanning in 67 ms. Found 2 JPA repository interfaces.
2024-01-18T11:53:08.402+01:00  INFO 24126 --- [           main] o.s.b.w.embedded.tomcat.TomcatWebServer  : Tomcat initialized with port 0 (http)
2024-01-18T11:53:08.429+01:00  INFO 24126 --- [           main] o.apache.catalina.core.StandardService   : Starting service [Tomcat]
2024-01-18T11:53:08.430+01:00  INFO 24126 --- [           main] o.apache.catalina.core.StandardEngine    : Starting Servlet engine: [Apache Tomcat/10.1.17]
2024-01-18T11:53:08.587+01:00  INFO 24126 --- [           main] o.a.c.c.C.[Tomcat].[localhost].[/]       : Initializing Spring embedded WebApplicationContext
2024-01-18T11:53:08.587+01:00  INFO 24126 --- [           main] w.s.c.ServletWebServerApplicationContext : Root WebApplicationContext: initialization completed in 2695 ms
2024-01-18T11:53:09.202+01:00  INFO 24126 --- [           main] com.zaxxer.hikari.HikariDataSource       : HikariPool-1 - Starting...
2024-01-18T11:53:09.518+01:00  INFO 24126 --- [           main] com.zaxxer.hikari.pool.HikariPool        : HikariPool-1 - Added connection org.postgresql.jdbc.PgConnection@232e59a1
2024-01-18T11:53:09.524+01:00  INFO 24126 --- [           main] com.zaxxer.hikari.HikariDataSource       : HikariPool-1 - Start completed.
2024-01-18T11:53:09.937+01:00  INFO 24126 --- [           main] o.hibernate.jpa.internal.util.LogHelper  : HHH000204: Processing PersistenceUnitInfo [name: default]
2024-01-18T11:53:10.082+01:00  INFO 24126 --- [           main] org.hibernate.Version                    : HHH000412: Hibernate ORM core version 6.4.1.Final
2024-01-18T11:53:10.137+01:00  INFO 24126 --- [           main] o.h.c.internal.RegionFactoryInitiator    : HHH000026: Second-level cache disabled
2024-01-18T11:53:10.389+01:00  INFO 24126 --- [           main] o.s.o.j.p.SpringPersistenceUnitInfo      : No LoadTimeWeaver setup: ignoring JPA class transformer
2024-01-18T11:53:11.989+01:00  INFO 24126 --- [           main] o.h.e.t.j.p.i.JtaPlatformInitiator       : HHH000489: No JTA platform available (set 'hibernate.transaction.jta.platform' to enable JTA platform integration)
2024-01-18T11:53:12.001+01:00  INFO 24126 --- [           main] j.LocalContainerEntityManagerFactoryBean : Initialized JPA EntityManagerFactory for persistence unit 'default'
2024-01-18T11:53:12.544+01:00  INFO 24126 --- [           main] o.s.d.j.r.query.QueryEnhancerFactory     : Hibernate is in classpath; If applicable, HQL parser will be used.
2024-01-18T11:53:14.472+01:00  INFO 24126 --- [           main] o.s.b.a.e.web.EndpointLinksResolver      : Exposing 13 endpoint(s) beneath base path '/actuator'
2024-01-18T11:53:14.730+01:00  INFO 24126 --- [           main] o.s.b.w.embedded.tomcat.TomcatWebServer  : Tomcat started on port 61556 (http) with context path ''
2024-01-18T11:53:14.738+01:00  INFO 24126 --- [           main] o.s.s.p.PostgresIntegrationTests         : Started PostgresIntegrationTests in 36.04 seconds (process running for 49.126)
]]></system-out>
  </testcase>
  <testcase name="testOwnerDetails" classname="org.springframework.samples.petclinic.PostgresIntegrationTests" time="0.39">
    <system-out><![CDATA[2024-01-18T11:53:15.394+01:00  INFO 24126 --- [o-auto-1-exec-1] o.a.c.c.C.[Tomcat].[localhost].[/]       : Initializing Spring DispatcherServlet 'dispatcherServlet'
2024-01-18T11:53:15.394+01:00  INFO 24126 --- [o-auto-1-exec-1] o.s.web.servlet.DispatcherServlet        : Initializing Servlet 'dispatcherServlet'
2024-01-18T11:53:15.395+01:00  INFO 24126 --- [o-auto-1-exec-1] o.s.web.servlet.DispatcherServlet        : Completed initialization in 1 ms
]]></system-out>
  </testcase>
</testsuite>